SF:essentials.jl
DA:231,4
DA:232,3
DA:234,3
DA:307,126
DA:366,661
DA:368,5367
DA:387,2069
DA:391,284
DA:413,5594
DA:451,107
DA:473,265
DA:593,2
DA:594,2
DA:595,2
DA:708,186
DA:709,93
DA:736,919
LH:17
LF:17
end_of_record
SF:iterators.jl
DA:107,6
DA:133,3
DA:138,13
DA:139,24
DA:140,17
DA:141,10
DA:169,20
DA:226,20
DA:234,923
DA:235,923
DA:237,0
DA:238,0
DA:264,14
DA:299,7
DA:332,28
DA:333,66
DA:342,94
DA:343,54
DA:346,40
DA:350,123
DA:351,109
DA:352,110
DA:353,55
DA:354,95
DA:362,12
DA:394,4
LH:24
LF:26
end_of_record
SF:D:\buildbot\worker\package_win64\build\usr\share\julia\stdlib\v1.3\Dates\src\accessors.jl
DA:45,7
DA:48,3
DA:49,1
DA:50,1
DA:52,1
LH:5
LF:5
end_of_record
SF:D:\buildbot\worker\package_win64\build\usr\share\julia\stdlib\v1.3\LinearAlgebra\src\dense.jl
DA:102,0
DA:105,446
LH:1
LF:2
end_of_record
SF:C:\Users\prita\.julia\packages\ArchGDAL\JvbDf\src\context.jl
DA:16,4
DA:17,2
DA:18,6
DA:19,8
DA:21,2
DA:22,2
DA:25,4
DA:26,4
DA:27,4
DA:29,6
DA:32,19
DA:33,2
DA:34,2
DA:36,2
DA:52,2
DA:53,1
DA:60,1
DA:61,1
DA:63,1
DA:64,1
DA:106,2
DA:107,1
DA:109,1
DA:110,1
DA:111,1
DA:166,3
DA:167,1
DA:168,1
DA:169,1
DA:179,3
DA:180,1
DA:181,1
DA:182,1
DA:184,1
DA:209,937
DA:210,273
DA:211,273
DA:213,273
LH:38
LF:38
end_of_record
SF:C:\Users\prita\.julia\packages\GDAL\cvf6T\deps\deps_gdal.jl
DA:34,1
DA:35,1
DA:36,0
DA:39,3
DA:40,0
DA:44,1
DA:45,0
DA:48,3
DA:49,0
DA:53,1
DA:54,0
DA:58,1
DA:59,0
DA:63,1
DA:64,0
DA:68,1
DA:69,0
DA:73,1
DA:74,0
DA:78,1
DA:79,0
DA:83,1
DA:84,0
DA:88,1
DA:89,0
DA:93,1
DA:94,0
DA:98,1
DA:99,0
DA:103,1
DA:104,0
DA:108,1
DA:109,0
DA:113,1
DA:114,0
DA:118,1
DA:119,0
DA:123,1
DA:124,0
DA:128,1
DA:129,0
DA:133,1
DA:134,0
DA:138,1
DA:139,0
DA:143,1
DA:144,0
LH:24
LF:47
end_of_record
SF:expr.jl
DA:10,9
LH:1
LF:1
end_of_record
SF:secretbuffer.jl
DA:149,0
DA:150,0
LH:0
LF:2
end_of_record
SF:dict.jl
DA:93,1
DA:101,220
DA:102,220
DA:103,1116
DA:105,220
DA:117,2
DA:123,440
DA:171,751
DA:476,725
DA:477,725
DA:500,1470
DA:501,2331
DA:545,483
DA:546,1
DA:659,122
DA:660,242
DA:661,751
DA:662,1382
DA:665,44
DA:668,296
DA:669,32
DA:670,21
DA:672,32
DA:675,163
DA:677,69
DA:679,111
DA:681,1
DA:682,18
DA:685,48
DA:686,204
DA:687,24
DA:688,12
DA:689,12
DA:726,0
LH:33
LF:34
end_of_record
SF:filesystem.jl
DA:227,0
DA:228,0
LH:0
LF:2
end_of_record
SF:D:\buildbot\worker\package_win64\build\usr\share\julia\stdlib\v1.3\Pkg\src\Artifacts.jl
DA:76,12
DA:174,0
DA:184,22
DA:263,0
DA:284,11
DA:375,436
DA:376,0
DA:377,0
DA:380,218
DA:381,0
DA:382,0
DA:386,218
DA:387,732
DA:388,218
DA:389,234
DA:392,436
DA:398,436
DA:401,436
DA:402,366
DA:403,335
DA:404,218
DA:405,218
DA:408,218
DA:450,12
DA:454,12
DA:871,48
DA:872,12
DA:873,0
DA:876,12
DA:878,24
DA:880,12
DA:883,12
DA:886,12
DA:887,1
DA:891,35
DA:894,12
LH:29
LF:36
end_of_record
SF:C:\Users\prita\.julia\packages\ArchGDAL\JvbDf\src\geointerface.jl
DA:18,28
DA:19,66
DA:20,1
DA:21,61
DA:22,1
DA:23,56
DA:24,1
DA:25,11
DA:26,0
DA:27,51
DA:28,1
DA:29,46
DA:30,1
DA:31,41
DA:32,1
DA:33,37
DA:34,1
DA:36,14
DA:37,7
DA:42,38
DA:43,19
DA:44,68
DA:45,7
DA:46,6
DA:47,1
DA:48,1
DA:50,0
DA:51,0
DA:53,56
DA:54,1
DA:57,15
DA:58,7
DA:61,8
DA:62,3
DA:65,1
DA:66,1
LH:33
LF:36
end_of_record
SF:subarray.jl
DA:22,11
DA:31,11
DA:32,11
DA:43,0
DA:156,11
DA:157,11
DA:158,11
DA:163,11
DA:294,45045
DA:295,45045
DA:296,45045
DA:315,11
DA:342,11
DA:398,11
DA:403,11
LH:14
LF:15
end_of_record
SF:tuple.jl
DA:19,7
DA:24,3433
DA:43,5486
DA:63,4017
DA:64,53
DA:139,207
DA:140,20
DA:141,17
DA:220,6
DA:248,6
DA:267,106
DA:271,133
DA:272,133
DA:273,2
DA:277,131
DA:385,12
LH:16
LF:16
end_of_record
SF:C:\Users\prita\.julia\packages\ArchGDAL\JvbDf\src\ogr\feature.jl
DA:7,1
DA:19,23
DA:20,23
DA:39,2
DA:40,1
DA:45,24
DA:46,12
DA:47,0
DA:49,12
DA:54,2
DA:55,1
DA:56,0
DA:58,1
DA:67,3
DA:80,148
DA:96,1
DA:105,125
DA:115,1
DA:116,1
DA:140,2
DA:149,8
DA:158,32
DA:168,58
DA:186,4
DA:187,2
DA:188,2
DA:206,4
DA:207,2
DA:208,2
DA:226,4
DA:227,2
DA:228,2
DA:242,8
DA:259,4
DA:260,2
DA:261,2
DA:289,8
DA:290,8
DA:291,4
DA:293,2
DA:294,2
DA:329,7
DA:350,188
DA:351,62
DA:352,124
DA:353,62
DA:355,1
DA:394,2
DA:395,2
DA:412,2
DA:413,2
DA:430,1
DA:449,1
DA:450,1
DA:468,1
DA:469,1
DA:487,1
DA:488,1
DA:509,2
DA:543,1
DA:544,1
DA:567,3
DA:578,1
DA:586,3
DA:599,6
DA:615,4
DA:626,26
DA:627,13
DA:628,0
DA:630,13
DA:635,4
DA:636,2
DA:637,0
DA:639,2
DA:660,14
DA:661,7
DA:662,7
DA:671,4
DA:684,4
DA:685,2
DA:686,2
DA:704,6
DA:705,2
DA:706,2
DA:732,3
DA:734,1
DA:735,1
DA:740,2
DA:749,2
DA:762,1
DA:763,1
DA:783,2
DA:794,2
DA:805,2
DA:815,2
DA:832,1
DA:855,9
LH:93
LF:97
end_of_record
SF:D:\buildbot\worker\package_win64\build\usr\share\julia\stdlib\v1.3\DelimitedFiles\src\DelimitedFiles.jl
DA:480,0
DA:481,0
DA:489,0
DA:776,0
DA:777,0
DA:778,0
DA:779,0
DA:828,0
DA:829,0
LH:0
LF:9
end_of_record
SF:path.jl
DA:131,3
DA:132,3
DA:161,3
DA:262,1
LH:4
LF:4
end_of_record
SF:reshapedarray.jl
DA:41,19
DA:44,19
DA:45,0
DA:48,6
DA:49,3
DA:51,16
DA:115,7
LH:6
LF:7
end_of_record
SF:C:\Users\prita\.julia\packages\ArchGDAL\JvbDf\src\types.jl
DA:47,3
DA:53,260
DA:60,6
DA:61,6
DA:67,20
DA:75,11
DA:82,84
DA:83,84
DA:96,6
DA:104,17
DA:105,17
DA:111,4
DA:115,1
DA:119,3
DA:123,2
DA:127,3
DA:140,23
DA:141,23
DA:147,63
DA:151,1
DA:158,25
DA:159,25
DA:165,4
DA:176,86
DA:177,86
DA:185,126
DA:192,30
DA:193,22
DA:201,230
DA:208,175
DA:209,174
DA:215,6
DA:304,2
DA:305,2
DA:306,2
DA:309,2
DA:312,2
DA:315,2
DA:318,2
DA:323,2
DA:326,2
DA:329,6
DA:332,18
DA:335,6
DA:338,8
DA:341,4
DA:344,4
DA:347,8
LH:48
LF:48
end_of_record
SF:iobuffer.jl
DA:19,2
DA:20,2
DA:27,0
DA:31,0
DA:112,1
DA:136,0
DA:141,2
DA:143,2
DA:144,2
DA:145,2
DA:208,15
DA:209,15
DA:210,15
DA:211,15
DA:212,0
DA:214,15
DA:215,15
DA:216,15
DA:220,0
DA:221,0
DA:222,0
DA:224,0
DA:235,0
DA:236,59
DA:246,9
DA:247,0
DA:248,0
DA:254,9
DA:255,9
DA:259,0
DA:330,30
DA:464,0
LH:19
LF:32
end_of_record
SF:C:\Users\prita\.julia\packages\GDAL\cvf6T\src\ogr_srs_api.jl
DA:26,2
DA:35,38
DA:53,14
DA:65,43
DA:111,9
DA:121,3
DA:131,2
DA:141,6
DA:151,6
DA:186,6
DA:277,15
DA:299,1
DA:309,18
DA:345,3
DA:369,1
DA:390,1
DA:399,1
DA:438,4
DA:449,4
DA:1785,3
DA:1858,3
DA:1881,1
LH:22
LF:22
end_of_record
SF:D:\buildbot\worker\package_win64\build\usr\share\julia\stdlib\v1.3\REPL\src\REPLCompletions.jl
DA:60,4
DA:711,6
DA:713,2
DA:714,2
DA:716,0
DA:719,4
DA:720,4
DA:721,4
DA:727,4
DA:728,4
DA:731,4
DA:733,2
DA:734,0
DA:735,0
DA:736,0
DA:737,0
DA:738,0
DA:740,0
LH:11
LF:18
end_of_record
SF:reduce.jl
DA:72,5
DA:90,0
DA:200,1
DA:413,0
DA:642,7
DA:724,7
DA:770,8
DA:771,28
DA:773,4
DA:775,0
LH:7
LF:10
end_of_record
SF:shell.jl
DA:27,2
LH:1
LF:1
end_of_record
SF:refvalue.jl
DA:7,232
DA:8,194
DA:10,160
DA:11,1
DA:15,426
DA:17,0
DA:25,426
DA:32,562
DA:33,4
LH:8
LF:9
end_of_record
SF:libc.jl
DA:191,1
DA:247,6
DA:256,0
DA:314,2
LH:3
LF:4
end_of_record
SF:coreio.jl
DA:5,0
LH:0
LF:1
end_of_record
SF:C:\Users\prita\.julia\packages\GDAL\cvf6T\src\cpl_error.jl
DA:23,6
DA:35,0
DA:47,4624
DA:59,0
DA:158,1
LH:3
LF:5
end_of_record
SF:D:\buildbot\worker\package_win64\build\usr\share\julia\stdlib\v1.3\Pkg\src\BinaryPlatforms.jl
DA:40,234
DA:42,0
DA:54,117
DA:168,570
DA:169,0
DA:177,212
DA:178,0
DA:182,148
DA:186,264
DA:187,0
DA:191,180
DA:192,0
DA:195,148
DA:196,0
DA:199,148
DA:215,18
DA:216,0
DA:225,18
DA:268,32
DA:269,0
DA:270,16
DA:271,0
DA:272,32
DA:273,0
DA:278,16
DA:283,16
DA:287,32
DA:288,0
DA:292,16
DA:293,0
DA:296,16
DA:297,0
DA:300,16
DA:330,72
DA:376,36
DA:801,214
DA:808,54
DA:816,18
DA:817,18
DA:818,27
DA:821,18
DA:824,24
DA:827,42
DA:846,460
DA:848,12
DA:849,0
DA:858,12
DA:859,12
LH:34
LF:48
end_of_record
SF:D:\Libraries\Documents\Julia\ArchGDAL.jl\test\test_array.jl
DA:7,1
DA:8,1
DA:10,2
DA:11,1
DA:12,1
DA:13,1
DA:14,1
DA:15,1
DA:16,1
DA:20,2
DA:23,1
DA:24,1
DA:25,1
DA:31,1
DA:36,1
DA:44,2
DA:47,1
DA:48,1
DA:49,1
DA:55,1
DA:60,1
DA:71,2
DA:76,2
DA:79,2
DA:80,1
DA:81,1
DA:84,2
DA:87,1
DA:88,1
DA:89,1
DA:92,1
DA:95,1
DA:98,2
DA:99,1
DA:100,1
DA:103,1
DA:106,1
DA:110,2
DA:120,1
DA:123,2
DA:125,1
DA:126,1
DA:128,1
DA:129,1
DA:131,1
DA:132,1
DA:134,1
DA:135,1
DA:137,1
DA:138,1
DA:140,1
DA:141,1
DA:143,1
DA:144,1
DA:146,1
DA:147,1
DA:148,1
DA:152,1
DA:154,1
DA:158,2
DA:159,1
DA:161,1
DA:162,1
DA:164,1
DA:165,1
DA:167,1
DA:168,1
DA:170,1
DA:171,1
DA:173,1
DA:174,1
DA:175,1
DA:177,1
DA:179,1
DA:186,2
DA:187,1
DA:189,1
DA:190,1
DA:191,1
DA:193,1
LH:80
LF:80
end_of_record
SF:D:\buildbot\worker\package_win64\build\usr\share\julia\stdlib\v1.3\REPL\src\Terminals.jl
DA:99,2
DA:103,1
DA:156,2
LH:3
LF:3
end_of_record
SF:D:\buildbot\worker\package_win64\build\usr\share\julia\stdlib\v1.3\Pkg\ext\TOML\src\TOML.jl
DA:50,12
LH:1
LF:1
end_of_record
SF:C:\Users\prita\.julia\packages\ArchGDAL\JvbDf\src\ogr\featurelayer.jl
DA:3,3
DA:8,46
DA:9,23
DA:10,23
DA:11,23
DA:36,7
DA:51,1
DA:75,5
DA:92,19
DA:95,7
DA:99,8
DA:100,4
DA:101,1
DA:105,3
DA:111,12
DA:112,6
DA:113,1
DA:117,5
DA:122,4
DA:123,2
DA:124,1
DA:128,1
DA:162,1
DA:163,1
DA:167,2
DA:168,2
DA:193,1
DA:194,1
DA:228,1
DA:229,1
DA:233,1
DA:234,1
DA:256,1
DA:257,1
DA:284,3
DA:285,3
DA:287,3
DA:291,2
DA:292,1
DA:293,1
DA:302,47
DA:303,46
DA:332,7
DA:357,2
DA:358,1
DA:359,1
DA:388,10
DA:402,4
DA:405,4
DA:406,4
DA:420,2
DA:421,2
DA:422,2
DA:426,4
DA:427,2
DA:428,2
DA:429,2
DA:431,2
DA:441,6
DA:445,8
DA:446,4
DA:447,4
DA:448,4
DA:450,4
DA:464,2
DA:467,1
DA:468,1
DA:477,48
DA:492,8
DA:503,44
DA:507,2
DA:510,2
DA:539,1
DA:540,1
DA:541,1
DA:542,1
DA:546,1
DA:547,1
DA:548,1
DA:549,1
DA:637,1
DA:661,2
DA:710,18
DA:711,9
DA:712,9
DA:747,4
DA:749,2
DA:750,2
DA:930,1
DA:938,1
DA:941,3
DA:975,1
DA:978,1
DA:1000,1
DA:1003,1
DA:1004,1
LH:96
LF:96
end_of_record
SF:C:\Users\prita\.julia\packages\CEnum\daZUb\src\operators.jl
DA:6,49
DA:7,602
LH:2
LF:2
end_of_record
SF:int.jl
DA:49,5819
DA:51,161
DA:52,6111
DA:53,105916
DA:54,401
DA:93,114
DA:228,3
DA:229,10
DA:237,3
DA:238,3
DA:270,54
DA:293,826
DA:316,6
DA:317,42
DA:367,54
DA:380,39
DA:406,54
DA:423,5035
DA:424,12605
DA:425,57
DA:428,41
DA:429,64
DA:430,4962
DA:437,61
DA:438,78
DA:439,150
DA:440,11
DA:444,39
DA:446,100
DA:448,11
DA:456,19
DA:459,211
DA:464,11002
DA:872,5399
DA:874,6072
LH:35
LF:35
end_of_record
SF:D:\Libraries\Documents\Julia\ArchGDAL.jl\test\runtests.jl
DA:10,2
DA:11,1
DA:12,1
DA:13,1
DA:14,1
DA:15,1
DA:16,1
DA:17,1
DA:18,1
DA:19,1
DA:20,1
DA:21,1
DA:22,1
DA:23,1
DA:26,1
DA:27,1
DA:28,1
DA:29,1
DA:30,1
DA:31,1
DA:32,1
DA:33,1
LH:22
LF:22
end_of_record
SF:C:\Users\prita\.julia\packages\GDAL\cvf6T\src\cpl_conv.jl
DA:50,22
DA:64,12
LH:2
LF:2
end_of_record
SF:D:\buildbot\worker\package_win64\build\usr\share\julia\stdlib\v1.3\LinearAlgebra\src\blas.jl
DA:379,3
DA:385,3
DA:412,0
DA:418,0
LH:2
LF:4
end_of_record
SF:C:\Users\prita\.julia\packages\ArchGDAL\JvbDf\src\spatialref.jl
DA:2,11
DA:5,25
DA:9,65
DA:10,43
DA:15,6
DA:16,1
DA:18,2
DA:23,2
DA:24,1
DA:26,1
DA:54,9
DA:55,9
DA:56,9
DA:60,2
DA:62,8
DA:75,3
DA:76,3
DA:77,3
DA:90,2
DA:92,1
DA:103,1
DA:104,1
DA:105,1
DA:109,1
DA:111,1
DA:134,3
DA:135,3
DA:136,3
DA:140,1
DA:143,1
DA:167,3
DA:168,3
DA:169,3
DA:173,2
DA:176,1
DA:181,3
DA:182,3
DA:183,3
DA:187,1
DA:190,1
DA:217,30
DA:218,15
DA:219,15
DA:220,15
DA:232,2
DA:233,1
DA:234,1
DA:235,1
DA:244,36
DA:245,18
DA:246,18
DA:247,18
DA:258,6
DA:259,3
DA:260,3
DA:261,3
DA:266,2
DA:267,1
DA:268,1
DA:269,1
DA:281,1
DA:282,1
DA:283,1
DA:313,1
DA:314,1
DA:315,1
DA:335,1
DA:336,1
DA:337,1
DA:341,1
DA:342,1
DA:343,1
DA:361,2
DA:378,6
DA:384,3
DA:385,3
DA:407,2
DA:408,1
DA:409,1
DA:410,1
LH:80
LF:80
end_of_record
SF:C:\Users\prita\.julia\packages\ArchGDAL\JvbDf\src\ogr\geometry.jl
DA:9,2
DA:10,1
DA:16,1
DA:17,1
DA:21,1
DA:22,1
DA:28,1
DA:29,1
DA:42,20
DA:43,10
DA:48,10
DA:49,10
DA:53,65
DA:54,65
DA:59,65
DA:60,65
DA:63,20
DA:65,130
DA:74,510
DA:75,336
DA:80,4
DA:81,0
DA:83,2
DA:88,7
DA:89,0
DA:91,7
DA:101,174
DA:104,116
DA:130,7
DA:139,8
DA:150,3
DA:159,28
DA:172,3
DA:173,2
DA:178,4
DA:179,3
DA:180,3
DA:185,3
DA:186,2
DA:187,2
DA:198,3
DA:199,1
DA:200,1
DA:201,1
DA:212,8
DA:213,4
DA:214,4
DA:215,4
DA:219,5
DA:223,318
DA:224,159
DA:225,159
DA:226,159
DA:227,159
DA:228,159
DA:233,2
DA:234,1
DA:235,1
DA:236,1
DA:237,1
DA:238,1
DA:242,50
DA:245,7
DA:249,3
DA:250,2
DA:260,8
DA:261,6
DA:274,2
DA:276,1
DA:279,1
DA:282,11
DA:287,9
DA:301,2
DA:303,1
DA:331,6
DA:332,0
DA:334,3
DA:335,3
DA:336,1
DA:338,2
DA:343,4
DA:344,0
DA:346,2
DA:347,2
DA:348,1
DA:350,1
DA:362,2
DA:363,2
DA:364,2
DA:403,2
DA:406,2
DA:416,2
DA:419,2
DA:431,4
DA:439,10
DA:453,2
DA:454,2
DA:464,9
DA:468,14
DA:472,2
DA:476,2
DA:480,2
DA:484,7
DA:488,8
DA:492,2
DA:501,2
DA:503,1
DA:512,2
DA:514,1
DA:538,4
DA:541,6
DA:552,2
DA:555,2
DA:559,4
DA:562,4
DA:573,10
DA:576,5
DA:587,2
DA:590,2
DA:597,2
DA:600,2
DA:604,1
DA:608,1
DA:611,1
DA:626,8
DA:627,8
DA:628,8
DA:643,4
DA:644,4
DA:645,4
DA:649,8
DA:650,4
DA:651,4
DA:665,8
DA:668,8
DA:678,1
DA:679,1
DA:683,7
DA:686,4
DA:689,4
DA:692,3
DA:702,2
DA:704,1
DA:739,20
DA:742,20
DA:745,4
DA:753,27
DA:757,27
DA:758,27
DA:769,1
DA:770,1
DA:790,1
DA:791,1
DA:804,1
DA:805,1
DA:818,24
DA:819,22
DA:831,392
DA:832,310
DA:876,38
DA:877,19
DA:895,32
DA:896,0
DA:898,16
DA:899,16
DA:900,1
DA:902,15
DA:911,8
DA:912,0
DA:914,4
DA:915,4
DA:916,1
DA:918,3
DA:938,76
DA:939,41
DA:940,41
DA:979,5
DA:980,2
DA:981,2
DA:994,2
DA:995,1
DA:996,1
DA:1007,2
DA:1023,2
DA:1026,2
DA:1051,2
DA:1054,1
DA:1076,3
DA:1077,1
DA:1079,1
DA:1080,1
DA:1089,3
DA:1090,1
DA:1092,1
DA:1093,1
DA:1118,6
DA:1122,11
DA:1134,49
DA:1135,107
DA:1146,29
DA:1147,19
DA:1148,19
DA:1163,18
DA:1164,18
DA:1165,45
DA:1167,9
DA:1175,6
DA:1176,3
DA:1177,3
DA:1181,3
DA:1182,3
DA:1190,8
DA:1191,8
DA:1192,12
DA:1193,12
DA:1197,20
DA:1199,4
DA:1210,60
DA:1211,31
DA:1212,30
DA:1223,80
DA:1224,40
DA:1225,203
DA:1227,40
DA:1235,20
DA:1236,10
DA:1237,10
DA:1241,10
DA:1242,10
DA:1269,38
DA:1270,19
DA:1271,38
DA:1272,38
DA:1276,57
DA:1278,19
LH:229
LF:235
end_of_record
SF:reducedim.jl
DA:307,4
DA:310,4
DA:652,0
DA:665,0
LH:2
LF:4
end_of_record
SF:strings/search.jl
DA:3,6
DA:65,6
LH:2
LF:2
end_of_record
SF:C:\Users\prita\.julia\packages\DataStreams\mEqAy\src\queryutils.jl
DA:19,0
LH:0
LF:1
end_of_record
SF:D:\Libraries\Documents\Julia\ArchGDAL.jl\test\test_cookbook_projection.jl
DA:7,1
DA:8,1
DA:9,1
DA:10,2
DA:11,1
DA:12,1
DA:17,1
DA:18,1
DA:19,3
DA:20,2
DA:21,2
DA:22,1
DA:23,1
DA:24,1
DA:25,1
DA:32,2
DA:33,1
DA:34,1
DA:35,1
DA:36,1
DA:37,1
DA:38,1
DA:39,1
DA:40,2
DA:44,2
DA:45,1
DA:46,1
DA:47,1
DA:48,1
DA:49,1
DA:50,1
DA:51,1
DA:55,2
DA:56,1
DA:57,2
DA:59,1
DA:60,1
LH:37
LF:37
end_of_record
SF:C:\Users\prita\.julia\packages\GDAL\cvf6T\src\gdal_h.jl
DA:17,1
DA:59,1
DA:110,1
DA:125,2
DA:142,1
DA:267,1
DA:282,6
DA:297,18
DA:312,6
DA:327,4
DA:336,1
DA:351,16
DA:366,12
DA:383,4
DA:472,52
DA:490,30
DA:499,1
DA:508,398
DA:595,2
DA:612,6
DA:627,209
DA:642,207
DA:672,1
DA:797,1
DA:807,8
DA:869,12
DA:878,5
DA:890,48
DA:899,19
DA:908,19
DA:917,35
DA:927,72
DA:1070,2
DA:1089,2
DA:1109,5
DA:1119,1
DA:1128,3
DA:1232,6
DA:1293,4
DA:1316,1
DA:1341,2
DA:1356,18
DA:1373,15
DA:1390,4
DA:1407,1
DA:1430,12
DA:1451,6
DA:1503,12
DA:1631,60
DA:1642,12
DA:1746,75
DA:1755,74
DA:1764,17
DA:1773,17
DA:1782,1
DA:1791,20
DA:1801,1
DA:1810,1
DA:1820,2
DA:1838,19
DA:1848,12
DA:1858,14
DA:1868,1
DA:1877,1
DA:1886,1
DA:1896,2
DA:1906,1
DA:1916,1
DA:1969,14
DA:1979,4
DA:1989,14
DA:1999,2
DA:2009,15
DA:2019,3
DA:2170,4
DA:2181,1
DA:2238,1
DA:2248,1
DA:2274,2
DA:2283,2
DA:2293,1
DA:2696,2
DA:2705,4
DA:2714,2
DA:2723,3
DA:2732,7
DA:2742,13
DA:2753,4
DA:2764,1
DA:2777,4
DA:2786,3
DA:2795,4
DA:2804,4
DA:2821,1
DA:2838,1
DA:2855,1
DA:2865,4
DA:2874,4
DA:2885,15
DA:2896,4
DA:2907,4
DA:2925,2
DA:2937,1
DA:2949,1
DA:2958,1
DA:2972,2
DA:2986,1
DA:3000,2
DA:3014,1
DA:3026,6
DA:3037,2
DA:3048,4
DA:3077,2
DA:3087,1
DA:3106,1
DA:3125,6
LH:116
LF:116
end_of_record
SF:ordering.jl
DA:37,0
DA:67,0
DA:71,0
LH:0
LF:3
end_of_record
SF:parse.jl
DA:238,9
LH:1
LF:1
end_of_record
SF:stat.jl
DA:128,673
DA:160,1
DA:192,203
DA:221,469
DA:311,673
LH:5
LF:5
end_of_record
SF:D:\Libraries\Documents\Julia\ArchGDAL.jl\test\test_datastreams.jl
DA:7,2
LH:1
LF:1
end_of_record
SF:loading.jl
DA:88,0
DA:90,0
DA:95,30
DA:101,0
LH:1
LF:4
end_of_record
SF:operators.jl
DA:83,1287
DA:163,19
DA:167,3
DA:193,1784
DA:268,253
DA:294,1668
DA:317,128
DA:341,5923
DA:346,19
DA:451,2
DA:471,2
DA:472,1
DA:475,2
DA:476,3
DA:477,2
DA:480,1
DA:481,1
DA:483,1
DA:516,317
DA:517,4
DA:529,716
DA:894,0
DA:924,0
DA:939,0
DA:1055,641
DA:1056,1637
DA:1059,1463
DA:1060,1593
DA:1063,130
LH:26
LF:29
end_of_record
SF:D:\buildbot\worker\package_win64\build\usr\share\julia\stdlib\v1.3\Random\src\RNGs.jl
DA:13,0
DA:46,0
DA:48,0
DA:97,0
DA:137,0
DA:142,312
DA:143,104
DA:144,104
DA:145,104
DA:146,104
DA:147,104
DA:148,104
DA:151,208
DA:248,0
DA:249,0
DA:251,0
DA:253,0
DA:254,0
DA:255,0
DA:256,0
DA:261,0
DA:288,0
DA:290,183
DA:296,287
DA:298,416
DA:299,208
DA:300,208
DA:302,0
DA:303,0
DA:305,208
LH:14
LF:30
end_of_record
SF:bitarray.jl
DA:66,12
DA:76,23
DA:77,12
DA:93,11
DA:95,11
DA:96,11
DA:329,11
DA:1627,12
DA:1628,11
DA:1630,11
DA:1631,0
DA:1633,11
DA:1635,11
LH:12
LF:13
end_of_record
SF:C:\Users\prita\.julia\packages\ArchGDAL\JvbDf\src\dataset.jl
DA:27,3
DA:29,3
DA:87,9
DA:142,1
DA:157,3
DA:190,1
DA:192,1
DA:204,5
DA:206,3
DA:246,1
DA:248,1
DA:260,9
DA:262,3
DA:326,47
DA:328,25
DA:371,3
DA:373,1
DA:376,2
DA:380,19
DA:383,19
DA:386,35
DA:389,27
DA:392,12
DA:406,5
DA:414,28
DA:417,2
DA:427,2
DA:433,2
DA:444,2
DA:445,1
DA:446,1
DA:484,2
DA:548,142
DA:551,2
DA:580,5
DA:581,5
DA:582,5
DA:583,5
DA:586,10
DA:591,1
DA:592,1
DA:593,1
DA:594,1
DA:598,3
DA:607,2
DA:611,1
DA:612,1
DA:613,1
DA:641,6
DA:651,3
DA:652,3
DA:656,54
DA:657,48
LH:53
LF:53
end_of_record
SF:c.jl
DA:36,10
DA:162,430
DA:164,1694
DA:167,70
DA:169,1694
DA:186,839
DA:190,679
DA:193,853
DA:209,292
DA:215,292
DA:216,292
DA:218,292
DA:234,68
LH:13
LF:13
end_of_record
SF:D:\buildbot\worker\package_win64\build\usr\share\julia\stdlib\v1.3\REPL\src\LineEdit.jl
DA:65,2
DA:97,0
DA:98,0
DA:99,0
DA:100,0
DA:101,0
DA:105,1
DA:109,1
DA:110,2
DA:127,3
DA:134,2
DA:155,13
DA:208,4
DA:214,92
DA:215,46
DA:234,12
DA:245,12
DA:248,6
DA:249,6
DA:250,0
DA:251,0
DA:252,0
DA:256,12
DA:260,6
DA:264,6
DA:265,6
DA:374,44
DA:375,154
DA:380,2
DA:382,1
DA:386,1
DA:388,2
DA:391,1
DA:393,1
DA:396,1
DA:398,2
DA:399,1
DA:400,1
DA:402,1
DA:403,1
DA:404,1
DA:406,1
DA:408,1
DA:409,1
DA:410,1
DA:413,1
DA:414,1
DA:416,2
DA:417,1
DA:418,2
DA:419,1
DA:420,1
DA:423,1
DA:425,0
DA:426,0
DA:427,0
DA:429,0
DA:431,0
DA:435,1
DA:436,1
DA:438,1
DA:442,1
DA:443,1
DA:444,0
DA:448,1
DA:450,1
DA:466,458
DA:467,1
DA:468,1
DA:470,1
DA:472,1
DA:516,64
DA:518,32
DA:519,32
DA:520,32
DA:521,32
DA:524,32
DA:526,0
DA:529,32
DA:541,8
DA:572,16
DA:574,8
DA:575,8
DA:576,8
DA:577,7
DA:578,7
DA:579,7
DA:580,7
DA:582,8
DA:584,0
DA:586,8
DA:660,338
DA:661,125
DA:662,125
DA:663,125
DA:665,125
DA:666,81
DA:667,44
DA:668,44
DA:672,250
DA:675,0
DA:676,125
DA:677,0
DA:679,125
DA:680,125
DA:681,125
DA:682,125
DA:688,12
DA:689,6
DA:691,12
DA:692,6
DA:693,6
DA:694,5
DA:695,5
DA:697,5
DA:700,0
DA:704,10
DA:705,0
DA:711,6
DA:712,6
DA:713,6
DA:715,6
DA:720,6
DA:722,0
DA:727,0
DA:728,0
DA:731,0
DA:732,0
DA:739,0
DA:740,0
DA:741,0
DA:742,0
DA:743,0
DA:744,0
DA:746,0
DA:750,0
DA:751,0
DA:752,0
DA:755,0
DA:756,0
DA:777,0
DA:779,12
DA:787,0
DA:1199,2
DA:1226,42
DA:1232,1
DA:1235,2
DA:1236,2
DA:1237,1
DA:1238,1
DA:1239,1
DA:1240,1
DA:1241,1
DA:1242,1
DA:1247,2
DA:1248,1
DA:1249,1
DA:1356,184
DA:1357,92
DA:1358,7
DA:1360,85
DA:1594,0
DA:1615,0
DA:1663,5
DA:1664,2
DA:1667,2
DA:1668,1
DA:1671,0
DA:1689,0
DA:1723,0
DA:1724,0
DA:1725,0
DA:1726,0
DA:1727,0
DA:1728,0
DA:1729,0
DA:1730,0
DA:1731,0
DA:1732,0
DA:1733,0
DA:1735,0
DA:1736,0
DA:1739,198
DA:1741,49
DA:1742,2
DA:1909,3
DA:1910,0
DA:1946,3
DA:1947,2
DA:1948,1
DA:1949,1
DA:1950,2
DA:1951,1
DA:1952,2
DA:1953,1
DA:2030,1
DA:2031,1
DA:2032,1
DA:2033,1
DA:2035,0
DA:2097,3
DA:2117,16
DA:2119,64
DA:2164,14
DA:2246,0
DA:2310,1
DA:2312,0
DA:2326,6
LH:148
LF:208
end_of_record
SF:D:\buildbot\worker\package_win64\build\usr\share\julia\stdlib\v1.3\REPL\src\REPL.jl
DA:368,4
DA:369,2
DA:370,2
DA:371,2
DA:382,2
DA:468,2
DA:469,1
DA:470,2
DA:471,2
DA:473,1
DA:474,1
DA:475,1
DA:476,1
DA:482,2
DA:483,2
DA:484,1
DA:485,1
DA:697,1
DA:706,3
DA:707,0
DA:709,1
DA:710,1
DA:711,1
DA:713,1
DA:714,1
DA:715,1
DA:717,0
DA:719,0
DA:721,0
DA:722,0
DA:723,0
DA:739,124
DA:740,2
DA:741,2
DA:742,4
DA:745,40
LH:30
LF:36
end_of_record
SF:error.jl
DA:112,0
DA:134,0
LH:0
LF:2
end_of_record
SF:pair.jl
DA:12,1117
DA:15,1117
DA:49,7
DA:50,2739
DA:59,0
DA:66,125
DA:67,125
LH:6
LF:7
end_of_record
SF:bool.jl
DA:36,5530
DA:40,8767
DA:41,957
DA:88,58
LH:4
LF:4
end_of_record
SF:C:\Users\prita\.julia\packages\ArchGDAL\JvbDf\src\raster\rasterband.jl
DA:3,4
DA:8,172
DA:9,86
DA:10,86
DA:29,48
DA:30,12
DA:31,12
DA:35,60
DA:39,75
DA:42,74
DA:45,17
DA:53,17
DA:61,1
DA:69,14
DA:79,2
DA:80,2
DA:81,2
DA:95,14
DA:99,2
DA:100,2
DA:101,2
DA:116,15
DA:120,3
DA:121,3
DA:122,3
DA:140,14
DA:145,1
DA:146,1
DA:147,1
DA:151,1
DA:152,1
DA:153,1
DA:164,1
DA:167,1
DA:170,1
DA:180,1
DA:181,1
DA:182,1
DA:213,2
DA:215,1
DA:216,1
DA:220,19
DA:223,22
DA:226,2
DA:239,6
DA:245,2
DA:249,20
DA:254,1
DA:255,1
DA:256,1
DA:267,2
DA:268,1
DA:269,0
DA:271,1
DA:285,2
DA:286,1
DA:287,1
DA:291,2
DA:292,1
DA:293,1
DA:329,3
DA:331,2
DA:339,1
DA:340,1
DA:364,1
DA:369,1
DA:370,1
DA:371,1
DA:404,2
DA:405,1
DA:406,1
DA:438,2
DA:441,1
DA:482,2
DA:501,1
DA:502,1
DA:503,1
LH:76
LF:77
end_of_record
SF:namedtuple.jl
DA:107,1836
DA:108,0
DA:233,4
DA:247,12
DA:304,14
LH:4
LF:5
end_of_record
SF:strings/io.jl
DA:73,80
DA:101,78
DA:177,121
DA:186,115
DA:188,165
DA:230,6
DA:304,1
LH:7
LF:7
end_of_record
SF:C:\Users\prita\.julia\packages\ArchGDAL\JvbDf\src\utils.jl
DA:8,107
DA:13,468
DA:14,0
DA:21,100
DA:22,0
DA:29,2
DA:30,0
DA:59,1
DA:62,5
DA:82,11
DA:91,6
DA:108,25
DA:112,13
DA:129,7
DA:138,4
DA:143,23
DA:147,11
LH:14
LF:17
end_of_record
SF:abstractarray.jl
DA:57,17
DA:75,947
DA:85,2
DA:89,2
DA:95,153
DA:99,11
DA:102,0
DA:150,0
DA:206,0
DA:212,39
DA:257,0
DA:267,0
DA:268,103
DA:303,80
DA:324,0
DA:342,40
DA:343,20
DA:344,20
DA:363,12
DA:488,12
DA:503,12
DA:504,12
DA:529,0
DA:560,24
DA:565,12
DA:629,19
DA:637,19
DA:641,1
DA:645,1
DA:671,566
DA:672,566
DA:692,0
DA:720,1
DA:721,2
DA:722,1
DA:723,3
DA:725,3
DA:726,4
DA:728,1
DA:799,4
DA:803,0
DA:804,0
DA:806,0
DA:807,0
DA:809,0
DA:899,13
DA:917,592
DA:934,129
DA:937,129
DA:981,3
DA:1155,24
DA:1171,0
DA:1189,12
DA:1196,12
DA:1212,12
DA:1213,12
DA:1805,208
DA:1822,208
DA:1828,208
DA:1920,4
DA:2073,4
LH:47
LF:61
end_of_record
SF:boot.jl
DA:223,2569
DA:287,0
DA:303,0
DA:326,438
DA:330,3
DA:332,48
DA:338,830
DA:339,6
DA:365,2670
DA:404,2792
DA:413,579
DA:418,20
DA:421,6
DA:423,1906
DA:435,387
DA:549,56
DA:553,65
DA:564,631
DA:574,631
DA:575,631
DA:580,1318
DA:581,1318
DA:582,1318
DA:583,1318
DA:588,92
DA:589,92
DA:590,92
DA:591,92
DA:619,1318
DA:626,46
DA:627,5
DA:629,1384
DA:632,16
DA:634,78
DA:635,37
DA:637,19
DA:651,4
DA:652,12
DA:674,76
DA:676,39
DA:684,8
DA:685,586
DA:687,64
DA:688,673
DA:689,41
DA:709,1364
DA:710,1539
DA:712,16
DA:714,115
DA:715,1372
DA:721,4995
DA:726,692
LH:50
LF:52
end_of_record
SF:C:\Users\prita\.julia\packages\ArchGDAL\JvbDf\src\raster\rasterattributetable.jl
DA:2,3
DA:5,4
DA:10,4
DA:11,4
DA:15,4
DA:26,1
DA:30,1
DA:42,1
DA:52,4
DA:56,4
DA:69,15
DA:82,4
DA:95,4
DA:116,1
DA:138,1
DA:139,1
DA:160,1
DA:161,1
DA:171,1
DA:192,4
DA:194,2
DA:195,2
DA:216,2
DA:218,1
DA:219,1
DA:240,2
DA:242,1
DA:243,1
DA:254,1
DA:255,1
DA:272,6
DA:273,3
DA:274,3
DA:289,4
DA:290,2
DA:291,2
DA:302,4
DA:303,2
DA:304,2
DA:305,4
DA:306,2
DA:323,2
DA:324,2
DA:325,2
DA:337,2
DA:358,1
DA:375,6
LH:47
LF:47
end_of_record
SF:D:\Libraries\Documents\Julia\ArchGDAL.jl\test\test_ospy_examples.jl
DA:226,1
DA:227,1
DA:228,1
DA:229,1
DA:230,1
DA:231,1
DA:232,2
DA:233,1
DA:391,1
DA:393,2
DA:394,2
DA:397,1
DA:398,2
DA:399,2
DA:400,1
DA:401,1
DA:404,1
DA:405,2
DA:408,1
DA:409,2
DA:410,2
DA:411,1
DA:412,1
DA:415,2
DA:416,2
DA:419,1
DA:420,1
DA:423,1
DA:424,1
DA:427,1
DA:428,1
DA:430,1
DA:431,1
DA:432,1
DA:434,1
DA:442,2
DA:443,1
DA:446,1
DA:447,1
DA:449,1
DA:458,1
DA:459,1
DA:465,1
DA:466,1
DA:467,1
LH:45
LF:45
end_of_record
SF:C:\Users\prita\.julia\packages\GDAL\cvf6T\deps\deps_geos.jl
DA:15,1
DA:16,1
DA:17,0
DA:20,3
DA:21,0
DA:25,1
DA:26,0
DA:29,3
DA:30,0
LH:5
LF:9
end_of_record
SF:D:\buildbot\worker\package_win64\build\usr\share\julia\stdlib\v1.3\Pkg\ext\TOML\src\parser.jl
DA:32,848
DA:33,5
DA:37,0
DA:52,0
DA:238,10
DA:239,0
DA:241,5
LH:4
LF:7
end_of_record
SF:multidimensional.jl
DA:626,11
DA:866,22
DA:867,90079
DA:869,11
LH:4
LF:4
end_of_record
SF:array.jl
DA:129,139
DA:130,1495
DA:151,1
DA:154,121
DA:155,1083
DA:156,29
DA:157,140
DA:216,9959
DA:218,3
DA:222,208
DA:223,208
DA:224,208
DA:242,15
DA:244,15
DA:258,12
DA:259,12
DA:261,0
DA:271,12
DA:274,12
DA:275,12
DA:276,0
DA:303,431
DA:325,421
DA:329,13
DA:333,25
DA:360,7
DA:361,7
DA:362,551
DA:364,7
DA:367,1750
DA:368,152
DA:369,42
DA:370,24
DA:409,4
DA:411,8
DA:457,0
DA:461,0
DA:462,0
DA:490,0
DA:498,0
DA:519,7
DA:521,3
DA:522,4
DA:533,19
DA:560,23
DA:562,2
DA:564,4
DA:566,19
DA:578,2
DA:613,1
DA:614,550
DA:620,2
DA:622,6
DA:623,3
DA:624,0
DA:627,3
DA:720,8236
DA:744,12285
DA:750,12
DA:751,12
DA:752,12
DA:753,12
DA:754,12
DA:756,12
DA:782,47063
DA:825,6
DA:827,217
DA:836,0
DA:869,44
DA:870,44
DA:871,44
DA:875,156
DA:876,156
DA:877,156
DA:908,17
DA:910,17
DA:911,17
DA:912,17
DA:915,1
DA:952,6
DA:954,6
DA:955,6
DA:956,0
DA:958,6
DA:960,6
DA:1017,104
DA:1018,104
DA:1019,0
DA:1020,104
DA:1021,0
DA:1022,0
DA:1024,0
DA:1026,104
DA:1104,0
DA:1105,0
DA:1106,0
DA:1406,0
DA:1421,0
DA:1422,0
DA:1699,0
DA:1701,0
DA:1702,0
DA:1703,0
DA:1704,0
DA:1706,0
DA:1708,0
DA:1754,0
LH:79
LF:107
end_of_record
SF:D:\buildbot\worker\package_win64\build\usr\share\julia\stdlib\v1.3\Pkg\src\API.jl
DA:112,1
DA:137,0
DA:146,0
DA:147,0
DA:149,0
DA:150,0
DA:151,0
DA:152,0
DA:153,0
DA:155,0
DA:156,0
DA:157,0
DA:158,0
DA:160,0
DA:161,0
DA:162,0
DA:166,0
DA:167,0
DA:168,0
DA:170,0
DA:171,0
DA:172,0
DA:231,20
DA:232,10
DA:233,10
DA:239,24
DA:240,7
DA:241,7
DA:242,7
DA:243,7
DA:244,7
DA:245,0
DA:246,0
DA:248,7
DA:249,7
DA:250,7
DA:251,7
DA:253,1
DA:254,0
DA:720,4
DA:721,1
DA:722,0
DA:723,0
DA:725,1
DA:728,1
DA:729,2
DA:730,52
DA:731,25
DA:737,1
DA:738,1
DA:740,0
DA:741,0
DA:742,0
DA:743,0
DA:744,0
DA:745,0
DA:746,0
DA:747,0
DA:748,0
DA:750,0
DA:751,0
DA:752,0
DA:753,0
DA:754,0
DA:758,0
DA:760,0
DA:761,0
LH:24
LF:67
end_of_record
SF:file.jl
DA:215,1
DA:253,2
DA:385,0
DA:386,0
DA:387,0
DA:576,0
DA:632,2
LH:3
LF:7
end_of_record
SF:D:\Libraries\Documents\Julia\ArchGDAL.jl\test\test_drivers.jl
DA:27,2
DA:28,1
DA:29,1
DA:30,1
DA:36,2
DA:37,1
DA:38,1
DA:39,1
DA:54,2
DA:62,1
LH:10
LF:10
end_of_record
SF:generator.jl
DA:32,69
DA:38,7
DA:44,3
DA:45,3
DA:47,3
LH:5
LF:5
end_of_record
SF:simdloop.jl
DA:54,22
DA:70,12
DA:72,12
DA:75,22
DA:76,11
DA:77,11
DA:78,11
DA:79,23
DA:86,12
LH:9
LF:9
end_of_record
SF:env.jl
DA:6,2
DA:7,4
DA:8,4
DA:79,0
DA:80,1
DA:82,4
LH:5
LF:6
end_of_record
SF:D:\buildbot\worker\package_win64\build\usr\share\julia\stdlib\v1.3\LibGit2\src\strarray.jl
DA:14,0
LH:0
LF:1
end_of_record
SF:D:\buildbot\worker\package_win64\build\usr\share\julia\stdlib\v1.3\LinearAlgebra\src\generic.jl
DA:411,0
DA:412,0
DA:413,0
DA:414,0
DA:415,0
DA:417,0
DA:418,0
DA:420,0
DA:424,515
DA:425,449
DA:426,1020
DA:427,1469
DA:428,1020
DA:430,571
DA:431,571
DA:433,449
DA:437,0
DA:438,0
DA:440,0
DA:441,0
DA:442,0
DA:443,0
DA:445,0
DA:447,0
DA:451,180
DA:452,383
DA:453,309
DA:456,1320
DA:457,832
DA:458,383
DA:460,383
DA:461,383
DA:462,872
DA:463,1255
DA:464,872
DA:466,489
DA:468,383
DA:470,0
DA:471,0
DA:472,0
DA:473,0
DA:475,0
DA:477,0
DA:484,0
DA:485,0
DA:486,0
DA:487,0
DA:488,0
DA:490,0
DA:492,0
DA:493,0
DA:494,0
DA:495,0
DA:496,0
DA:497,0
DA:499,0
DA:501,0
DA:503,0
DA:504,0
DA:505,0
DA:506,0
DA:508,0
DA:510,0
DA:514,0
DA:515,871
DA:516,0
DA:517,229
DA:518,0
DA:584,1356
DA:585,452
DA:586,452
DA:587,0
DA:588,0
DA:589,0
DA:590,0
DA:591,0
DA:592,0
DA:593,0
DA:594,0
DA:596,0
DA:627,1610
DA:1513,4
DA:1522,62
DA:1523,19
DA:1524,19
DA:1527,0
LH:31
LF:86
end_of_record
SF:options.jl
DA:52,4
LH:1
LF:1
end_of_record
SF:range.jl
DA:3,63
DA:5,355
DA:277,355
DA:282,303
DA:290,25
DA:291,25
DA:292,129
DA:294,154
DA:295,154
DA:296,179
DA:298,129
DA:311,252
DA:320,252
DA:473,28
DA:477,293
DA:516,11
DA:517,0
DA:543,125
DA:562,103
DA:565,98
DA:570,78
DA:574,15
DA:575,15
DA:593,433
DA:597,47524
DA:598,46989
DA:599,46989
DA:625,11
DA:626,11
DA:720,12
LH:29
LF:30
end_of_record
SF:Enums.jl
DA:19,6
LH:1
LF:1
end_of_record
SF:D:\buildbot\worker\package_win64\build\usr\share\julia\stdlib\v1.3\Distributed\src\cluster.jl
DA:816,0
LH:0
LF:1
end_of_record
SF:D:\Libraries\Documents\Julia\ArchGDAL.jl\test\test_geometry.jl
DA:17,2
DA:18,1
DA:19,1
DA:20,1
DA:21,1
DA:22,1
DA:23,1
DA:24,1
DA:25,1
DA:26,1
DA:28,1
DA:29,1
DA:30,1
DA:33,1
DA:36,1
DA:37,1
DA:38,1
DA:39,1
DA:40,1
DA:41,2
DA:42,1
DA:44,1
DA:45,2
DA:47,3
DA:48,2
DA:50,3
DA:51,1
DA:52,1
DA:53,1
DA:54,1
DA:55,1
DA:56,1
DA:57,1
DA:58,1
DA:59,1
DA:60,1
DA:101,2
DA:102,1
DA:103,1
DA:104,1
DA:105,1
DA:106,1
DA:107,1
DA:110,2
DA:111,1
DA:112,1
DA:113,1
DA:114,1
DA:120,2
DA:121,1
DA:122,1
DA:123,1
DA:124,1
DA:125,1
DA:128,2
DA:129,1
DA:130,1
DA:135,2
DA:136,1
DA:137,1
DA:140,2
DA:141,1
DA:142,1
DA:147,2
DA:148,1
DA:149,1
DA:152,2
DA:170,2
DA:171,1
DA:178,1
DA:182,2
DA:183,1
DA:184,2
DA:185,2
DA:187,1
DA:188,1
DA:189,1
DA:190,2
DA:215,2
DA:220,2
DA:221,1
DA:222,1
DA:227,2
DA:228,1
DA:229,1
DA:230,1
DA:231,1
DA:236,2
DA:237,1
DA:238,1
DA:239,1
DA:240,1
DA:241,1
DA:246,2
DA:247,1
DA:250,2
DA:258,2
DA:259,1
DA:260,1
DA:261,2
DA:270,2
DA:273,2
DA:276,2
DA:279,2
DA:285,1
DA:286,1
DA:287,2
DA:288,1
DA:289,1
DA:290,2
DA:293,1
DA:294,2
DA:295,1
DA:296,2
DA:301,1
DA:302,1
DA:303,1
DA:304,2
DA:305,1
DA:306,1
LH:120
LF:120
end_of_record
SF:checked.jl
DA:132,125
DA:165,125
DA:166,125
DA:167,125
DA:194,125
DA:222,125
DA:223,125
DA:224,125
LH:8
LF:8
end_of_record
SF:D:\Libraries\Documents\Julia\ArchGDAL.jl\test\test_featurelayer.jl
DA:7,2
DA:8,2
DA:9,1
DA:10,1
DA:11,1
DA:12,2
DA:14,1
DA:15,1
DA:16,1
DA:19,1
DA:20,2
DA:21,1
DA:22,1
DA:23,2
DA:25,1
DA:31,1
DA:32,1
DA:36,1
DA:39,2
DA:40,1
DA:42,1
DA:47,1
DA:48,1
DA:49,1
DA:50,1
DA:51,1
DA:53,1
DA:54,1
DA:59,1
DA:60,1
DA:61,1
DA:66,1
DA:67,1
DA:68,1
DA:75,1
DA:76,2
DA:77,1
DA:78,3
DA:80,1
DA:81,1
DA:82,1
DA:83,1
DA:84,1
DA:85,2
DA:87,1
DA:88,2
DA:90,1
DA:91,2
DA:96,1
DA:97,1
DA:98,1
DA:99,1
DA:100,1
DA:101,1
DA:102,1
DA:103,1
DA:104,1
DA:106,1
DA:107,1
DA:108,1
DA:109,1
DA:110,1
DA:111,1
DA:112,1
DA:114,1
DA:115,1
DA:116,1
DA:117,1
DA:118,1
DA:119,1
DA:120,1
DA:122,1
DA:123,5
DA:124,1
DA:125,1
DA:126,6
DA:129,2
DA:130,4
DA:131,1
DA:132,6
DA:134,1
DA:135,3
DA:136,1
DA:137,4
DA:138,1
DA:139,6
DA:140,1
DA:141,2
DA:143,1
DA:144,1
DA:145,2
DA:147,1
DA:150,1
DA:151,1
DA:152,1
DA:153,1
DA:154,1
DA:155,1
DA:156,1
DA:157,1
DA:158,1
DA:159,1
LH:102
LF:102
end_of_record
SF:C:\Users\prita\.julia\packages\BinaryProvider\kcGxO\src\PlatformEngines.jl
DA:89,8
DA:90,0
DA:92,4
DA:93,4
DA:94,3
DA:95,0
DA:97,4
DA:99,1
DA:110,2
DA:111,0
DA:115,1
DA:116,1
DA:117,0
DA:120,1
DA:121,1
DA:122,1
DA:124,0
DA:125,0
DA:127,0
DA:129,1
DA:169,3
DA:175,1
DA:176,1
DA:177,0
DA:180,1
DA:184,1
DA:196,3
DA:201,3
DA:206,3
DA:217,3
DA:218,1
DA:220,1
DA:222,2
DA:231,2
DA:233,2
DA:234,3
DA:244,1
DA:253,1
DA:254,2
DA:268,1
DA:269,2
DA:272,2
DA:277,2
DA:280,1
DA:281,2
DA:284,2
DA:285,2
DA:288,1
DA:289,2
DA:293,2
DA:294,0
DA:295,0
DA:296,0
DA:297,0
DA:298,0
DA:300,0
DA:301,0
DA:302,0
DA:310,2
DA:311,0
DA:312,0
DA:313,0
DA:314,0
DA:315,0
DA:317,0
DA:318,0
DA:319,0
DA:327,1
DA:331,1
DA:332,0
DA:336,1
DA:337,1
DA:339,1
DA:342,1
DA:343,0
DA:345,1
DA:349,1
DA:350,0
DA:354,1
DA:355,1
DA:357,1
DA:358,1
DA:359,1
DA:360,1
DA:362,1
DA:363,0
DA:366,1
DA:367,1
DA:371,1
DA:372,0
DA:375,1
DA:376,2
DA:377,1
DA:378,1
DA:379,0
DA:381,1
DA:382,2
DA:388,1
DA:389,1
DA:390,0
DA:391,0
DA:392,0
DA:395,1
DA:396,0
DA:397,0
DA:398,0
DA:401,1
DA:402,0
DA:406,2
DA:407,0
LH:72
LF:110
end_of_record
SF:float.jl
DA:60,2719
DA:66,0
DA:73,294
DA:251,0
DA:255,0
DA:261,4
DA:262,632
DA:277,636
DA:309,1
DA:310,1627
DA:367,6
DA:376,6
DA:401,493
DA:402,1
DA:403,797
DA:404,1
DA:405,2044
DA:406,0
DA:407,6
DA:453,1
DA:454,1626
DA:455,7
DA:456,2675
DA:457,3
DA:458,1020
DA:459,1
DA:460,24
DA:487,1617
DA:488,1617
DA:490,0
DA:493,5
DA:494,5
DA:527,0
DA:528,806
DA:535,1065
DA:553,785
DA:563,383
DA:567,0
DA:570,0
DA:699,6
DA:700,6
DA:702,0
LH:33
LF:42
end_of_record
SF:C:\Users\prita\.julia\packages\ArchGDAL\JvbDf\src\utilities.jl
DA:13,7
DA:14,2
DA:15,2
DA:16,2
DA:35,7
DA:36,1
DA:37,1
DA:38,1
DA:39,1
DA:58,7
DA:59,1
DA:60,2
DA:62,1
DA:63,1
DA:82,2
DA:83,1
DA:84,2
DA:86,1
DA:87,1
DA:114,7
DA:115,0
DA:117,2
DA:118,1
DA:119,1
DA:121,1
DA:122,1
DA:141,7
DA:142,1
DA:143,1
DA:144,1
DA:145,1
DA:164,4
DA:165,1
DA:166,1
DA:167,1
DA:168,1
DA:187,4
DA:188,1
DA:189,1
DA:190,1
DA:191,1
DA:210,7
DA:211,1
DA:212,2
DA:214,1
DA:215,1
LH:45
LF:46
end_of_record
SF:abstractdict.jl
DA:12,0
DA:17,12
DA:40,24
DA:44,4
DA:54,2
DA:98,12
DA:123,2
DA:509,9
DA:527,9
DA:596,1746
DA:597,3481
DA:600,102
DA:601,51
DA:602,51
DA:667,8
LH:14
LF:15
end_of_record
SF:ntuple.jl
DA:42,113
DA:43,74
LH:2
LF:2
end_of_record
SF:missing.jl
DA:76,0
DA:114,0
DA:115,0
DA:116,0
DA:125,0
DA:160,0
LH:0
LF:6
end_of_record
SF:C:\Users\prita\.julia\packages\ArchGDAL\JvbDf\src\ogr\styletable.jl
DA:10,2
DA:20,1
DA:21,1
DA:47,6
DA:61,6
DA:64,1
DA:79,3
DA:92,2
DA:112,1
DA:115,1
DA:128,1
DA:138,2
DA:139,2
DA:152,1
DA:163,2
DA:175,1
DA:192,3
DA:195,3
DA:212,4
DA:234,6
DA:247,1
DA:260,2
DA:273,1
DA:285,1
DA:298,1
DA:299,1
DA:300,1
DA:301,1
DA:302,2
DA:304,1
DA:305,1
DA:314,3
DA:323,3
DA:324,3
DA:343,8
DA:354,2
DA:367,2
DA:380,2
DA:389,2
DA:401,6
DA:412,2
LH:41
LF:41
end_of_record
SF:C:\Users\prita\.julia\packages\ArchGDAL\JvbDf\src\driver.jl
DA:2,398
DA:5,23
DA:26,1
DA:28,2
DA:31,209
DA:34,207
DA:37,1
DA:40,2
DA:52,4
DA:81,6
DA:86,1
DA:87,1
DA:91,1
LH:13
LF:13
end_of_record
SF:D:\buildbot\worker\package_win64\build\usr\share\julia\stdlib\v1.3\Pkg\src\manifest.jl
DA:162,222
DA:165,111
LH:2
LF:2
end_of_record
SF:D:\buildbot\worker\package_win64\build\usr\share\julia\stdlib\v1.3\Logging\src\ConsoleLogger.jl
DA:40,2
DA:46,0
DA:54,4
DA:61,6
DA:62,2
DA:64,2
DA:65,2
DA:66,2
DA:67,2
DA:68,2
DA:69,2
DA:70,2
DA:73,4
DA:74,2
DA:100,2
DA:108,0
DA:109,0
DA:110,0
DA:111,0
DA:112,0
DA:113,0
DA:116,0
DA:117,0
DA:118,0
DA:119,0
DA:120,0
DA:122,0
DA:123,0
DA:130,0
DA:132,0
DA:133,0
DA:134,0
DA:137,0
DA:138,0
DA:139,0
DA:141,0
DA:143,0
DA:144,0
DA:148,0
DA:149,0
DA:150,0
DA:152,0
DA:153,0
DA:154,0
DA:155,0
DA:156,0
DA:158,0
DA:161,0
DA:162,0
LH:14
LF:49
end_of_record
SF:indices.jl
DA:183,2
DA:190,6
DA:191,4
DA:192,4
DA:194,2
DA:195,1
DA:197,1
DA:221,3
DA:225,2
DA:226,0
DA:228,2
DA:229,3
DA:230,0
DA:297,30
DA:298,11
DA:332,103
DA:338,7
DA:420,0
DA:429,677
DA:444,0
DA:445,0
DA:458,0
DA:465,0
LH:16
LF:23
end_of_record
SF:C:\Users\prita\.julia\packages\CEnum\daZUb\src\CEnum.jl
DA:19,1241
DA:26,74
DA:28,74
DA:44,0
DA:45,0
DA:46,0
DA:47,0
LH:3
LF:7
end_of_record
SF:refpointer.jl
DA:60,6
DA:63,6
DA:78,105
DA:94,160
DA:95,232
DA:96,28
DA:126,105
LH:7
LF:7
end_of_record
SF:hashing.jl
DA:29,0
DA:30,0
DA:31,0
DA:32,0
DA:33,0
DA:34,0
DA:35,0
DA:62,0
LH:0
LF:8
end_of_record
SF:D:\Libraries\Documents\Julia\ArchGDAL.jl\test\test_gdal_tutorials.jl
DA:7,2
DA:8,1
DA:9,1
DA:10,1
DA:11,1
DA:12,1
DA:15,1
DA:16,1
DA:19,1
DA:20,1
DA:21,1
DA:22,1
DA:24,1
DA:25,1
DA:27,1
DA:30,1
DA:31,1
DA:32,1
DA:48,1
DA:49,1
DA:50,1
DA:51,1
DA:52,1
DA:63,1
DA:64,1
DA:65,2
DA:72,2
DA:73,1
DA:74,1
DA:77,1
DA:79,1
DA:80,1
DA:81,1
DA:82,1
DA:83,1
DA:84,1
DA:86,1
DA:87,2
DA:88,1
DA:90,1
DA:91,2
DA:92,1
DA:94,1
DA:95,1
DA:96,1
DA:97,1
DA:98,1
DA:99,1
DA:100,1
DA:105,2
DA:110,1
DA:111,1
DA:112,1
DA:113,1
DA:114,1
DA:115,2
DA:116,1
DA:118,1
LH:58
LF:58
end_of_record
SF:promotion.jl
DA:259,2338
DA:282,2338
DA:311,0
DA:312,388
DA:343,0
DA:348,1745
DA:349,105
DA:361,17
DA:362,25
DA:401,58136
DA:412,270
DA:413,46
LH:10
LF:12
end_of_record
SF:C:\Users\prita\.julia\packages\ArchGDAL\JvbDf\src\ogr\featuredefn.jl
DA:7,1
DA:18,3
DA:21,2
DA:24,8
DA:29,1
DA:30,1
DA:31,1
DA:36,50
DA:37,25
DA:41,1
DA:44,1
DA:47,18
DA:61,10
DA:64,20
DA:90,4
DA:91,4
DA:104,2
DA:105,1
DA:106,1
DA:126,2
DA:127,1
DA:128,1
DA:145,2
DA:157,1
DA:158,1
DA:162,4
DA:167,2
DA:168,2
DA:172,4
DA:177,2
DA:178,2
DA:182,17
DA:195,2
DA:198,28
DA:210,10
DA:231,1
DA:232,1
DA:245,2
DA:246,1
DA:247,1
DA:255,2
DA:267,7
DA:271,2
LH:43
LF:43
end_of_record
SF:C:\Users\prita\.julia\packages\ArchGDAL\JvbDf\src\base\display.jl
DA:2,14
DA:3,7
DA:7,10
DA:8,5
DA:9,5
DA:10,9
DA:11,4
DA:12,4
DA:13,0
DA:14,4
DA:17,5
DA:18,5
DA:19,4
DA:20,4
DA:21,4
DA:22,8
DA:23,6
DA:24,8
DA:26,4
DA:29,5
DA:30,5
DA:31,1
DA:32,1
DA:33,2
DA:34,1
DA:35,1
DA:36,1
DA:38,1
DA:39,0
DA:40,0
DA:41,0
DA:43,5
DA:50,34
DA:51,17
DA:52,17
DA:53,17
DA:54,17
DA:55,17
DA:56,17
DA:57,17
DA:61,22
DA:62,11
DA:63,11
DA:64,11
DA:65,11
DA:66,11
DA:67,11
DA:68,11
DA:69,11
DA:70,22
DA:71,11
DA:72,13
DA:73,10
DA:74,10
DA:75,12
DA:81,12
DA:82,6
DA:83,6
DA:84,6
DA:87,6
DA:88,6
DA:89,12
DA:90,11
DA:91,22
DA:92,11
DA:93,0
DA:94,0
DA:96,11
DA:97,2
DA:98,3
DA:99,3
DA:100,3
DA:101,3
DA:102,1
DA:103,1
DA:105,2
DA:109,11
DA:110,27
DA:112,6
DA:115,6
DA:116,6
DA:117,7
DA:118,2
DA:119,4
DA:120,2
DA:121,0
DA:122,0
DA:124,2
DA:125,8
DA:126,8
DA:127,8
DA:128,8
DA:129,0
DA:130,0
DA:132,8
DA:135,2
DA:136,5
DA:138,6
DA:142,2
DA:143,1
DA:144,1
DA:145,2
DA:146,1
DA:147,1
DA:149,1
DA:151,1
DA:152,1
DA:153,2
DA:154,2
DA:155,3
DA:157,1
DA:161,8
DA:162,4
DA:166,4
DA:167,2
DA:171,6
DA:172,3
DA:173,3
DA:174,6
DA:175,3
DA:176,3
DA:178,3
DA:179,3
DA:180,6
DA:181,6
DA:182,12
DA:183,9
DA:185,3
DA:189,28
DA:190,6
DA:191,6
DA:192,0
DA:193,0
DA:194,0
DA:196,6
DA:201,30
DA:202,12
DA:203,12
DA:204,12
DA:205,2
DA:207,10
LH:128
LF:141
end_of_record
SF:C:\Users\prita\.julia\packages\GDAL\cvf6T\src\cpl_vsi.jl
DA:581,162
LH:1
LF:1
end_of_record
SF:D:\buildbot\worker\package_win64\build\usr\share\julia\stdlib\v1.3\Test\src\logging.jl
DA:11,7
DA:27,7
DA:33,14
DA:37,7
DA:43,7
DA:50,14
DA:51,7
DA:52,7
DA:145,14
DA:147,7
DA:148,7
DA:149,7
DA:150,7
DA:151,0
DA:153,14
DA:156,7
DA:157,7
DA:158,7
DA:159,7
DA:181,21
DA:183,7
DA:188,7
DA:211,14
DA:212,7
LH:23
LF:24
end_of_record
SF:D:\Libraries\Documents\Julia\ArchGDAL.jl\test\test_rasterband.jl
DA:7,1
DA:16,1
DA:17,1
DA:18,1
DA:22,1
DA:24,1
DA:25,1
DA:26,1
DA:27,1
DA:28,1
DA:30,1
DA:31,1
DA:32,1
DA:33,1
DA:34,1
DA:36,1
DA:37,1
DA:38,1
DA:39,1
DA:40,1
DA:41,1
DA:42,1
DA:44,1
DA:45,1
DA:46,1
DA:47,1
DA:48,1
DA:50,1
DA:51,2
DA:52,1
DA:53,1
DA:57,1
DA:58,1
DA:59,1
DA:60,1
DA:65,1
DA:66,1
DA:67,1
DA:69,1
DA:73,1
DA:77,1
DA:81,1
DA:82,2
DA:87,1
DA:91,1
DA:92,1
DA:93,1
DA:94,2
DA:99,1
DA:100,1
DA:101,2
DA:102,1
DA:104,1
DA:105,1
DA:111,1
DA:112,2
DA:116,1
DA:117,1
DA:118,1
DA:119,2
DA:121,1
DA:123,1
DA:124,2
DA:125,1
LH:64
LF:64
end_of_record
SF:intfuncs.jl
DA:244,180
DA:548,4
DA:642,2
LH:3
LF:3
end_of_record
SF:C:\Users\prita\.julia\packages\GDAL\cvf6T\deps\deps_mbedtls.jl
DA:16,1
DA:17,1
DA:18,0
DA:21,3
DA:22,0
DA:26,1
DA:27,0
DA:30,3
DA:31,0
DA:35,1
DA:36,0
DA:39,3
DA:40,0
LH:7
LF:13
end_of_record
SF:D:\buildbot\worker\package_win64\build\usr\share\julia\stdlib\v1.3\Pkg\src\REPL\argument_parsers.jl
DA:15,0
DA:33,20
LH:1
LF:2
end_of_record
SF:strings/util.jl
DA:50,1
DA:51,1
DA:52,0
DA:53,1
DA:54,1
DA:56,0
DA:246,0
DA:313,0
DA:321,0
DA:351,0
DA:433,1
LH:5
LF:11
end_of_record
SF:C:\Users\prita\.julia\packages\GDAL\cvf6T\deps\deps_zlib.jl
DA:14,1
DA:15,1
DA:16,0
DA:19,3
DA:20,0
LH:3
LF:5
end_of_record
SF:C:\Users\prita\.julia\packages\GDAL\cvf6T\src\ogr_api.jl
DA:67,336
DA:82,203
DA:207,4
DA:222,2
DA:237,25
DA:266,2
DA:339,58
DA:353,3
DA:367,2
DA:405,1
DA:424,4
DA:439,5
DA:473,159
DA:490,1
DA:505,45
DA:520,7
DA:548,2
DA:560,6
DA:575,4
DA:590,1
DA:651,10
DA:666,6
DA:692,4
DA:721,5
DA:738,2
DA:772,2
DA:789,2
DA:808,7
DA:822,2
DA:839,5
DA:856,7
DA:873,1
DA:890,1
DA:907,1
DA:924,5
DA:941,6
DA:958,1
DA:973,2
DA:988,2
DA:1007,3
DA:1024,2
DA:1041,4
DA:1071,10
DA:1088,2
DA:1105,2
DA:1122,1
DA:1154,1
DA:1169,1
DA:1182,8
DA:1199,8
DA:1211,1
DA:1226,4
DA:1241,2
DA:1271,2
DA:1286,2
DA:1301,2
DA:1352,19
DA:1427,16
DA:1444,16
DA:1461,3
DA:1498,54
DA:1534,1
DA:1554,1
DA:1572,1
DA:1632,22
DA:1648,310
DA:1769,10
DA:1786,20
DA:1803,41
DA:1820,63
DA:1839,3
DA:1856,2
DA:1875,2
DA:1892,2
DA:1915,2
DA:1943,4
DA:1952,6
DA:1969,24
DA:1981,12
DA:1995,2
DA:2010,25
DA:2025,75
DA:2039,2
DA:2054,4
DA:2068,3
DA:2083,3
DA:2097,1
DA:2112,3
DA:2126,1
DA:2141,3
DA:2155,1
DA:2177,4
DA:2192,3
DA:2206,2
DA:2221,3
DA:2235,2
DA:2264,4
DA:2279,1
DA:2294,2
DA:2309,2
DA:2326,4
DA:2343,6
DA:2355,3
DA:2369,6
DA:2384,16
DA:2399,18
DA:2413,1
DA:2428,4
DA:2442,1
DA:2457,3
DA:2471,2
DA:2486,5
DA:2500,2
DA:2515,2
DA:2527,1
DA:2539,1
DA:2554,1
DA:2569,18
DA:2586,20
DA:2617,4
DA:2634,1
DA:2651,1
DA:2666,2
DA:2680,1
DA:2695,3
DA:2709,2
DA:2724,3
DA:2738,2
DA:2753,3
DA:2768,2
DA:2783,8
DA:2798,17
DA:2815,16
DA:2832,16
DA:2846,1
DA:2863,1
DA:2880,1
DA:2895,7
DA:2907,23
DA:2922,1
DA:2956,1
DA:2971,13
DA:2998,1
DA:3030,3
DA:3047,74
DA:3064,4
DA:3081,63
DA:3095,1
DA:3225,1
DA:3242,4
DA:3259,17
DA:3276,30
DA:3295,2
DA:3314,2
DA:3333,2
DA:3350,4
DA:3369,2
DA:3400,4
DA:3463,2
DA:3479,2
DA:3495,2
DA:3513,1
DA:3531,1
DA:3549,1
DA:3565,4
DA:3599,1
DA:3627,1
DA:3670,3
DA:3687,3
DA:3704,8
DA:3721,15
DA:3759,7
DA:3774,4
DA:3791,2
DA:3824,2
DA:3845,1
DA:3860,2
DA:3874,4
DA:3917,1
DA:3932,2
DA:3946,4
DA:3961,2
DA:3975,4
DA:3991,1
DA:4010,5
DA:4025,15
DA:4040,7
DA:4055,4
DA:4069,3
DA:4089,1
DA:4105,2
DA:4127,1
DA:4144,7
DA:4156,46
DA:4171,73
DA:4188,1
DA:4205,5
DA:4222,4
DA:4239,2
DA:4256,1
DA:4271,24
DA:4286,8
DA:4300,16
DA:4317,20
DA:4336,1
DA:4357,1
DA:4374,38
DA:4393,9
DA:4412,2
DA:4538,1
DA:4545,1
DA:4552,3
DA:4589,1
DA:4604,1
DA:4649,2
DA:5346,1
DA:5358,1
DA:5392,3
DA:5409,8
DA:5428,1
DA:5445,1
DA:5464,4
DA:5479,1
DA:5491,2
DA:5506,1
DA:5521,2
DA:5537,1
DA:5556,3
DA:5575,2
DA:5594,3
DA:5610,2
DA:5626,2
DA:5642,1
DA:5657,1
DA:5682,2
DA:5694,3
DA:5706,3
DA:5725,8
DA:5742,2
DA:5759,2
DA:5776,4
DA:5788,2
DA:5803,6
DA:5818,2
LH:244
LF:244
end_of_record
SF:D:\buildbot\worker\package_win64\build\usr\share\julia\stdlib\v1.3\Pkg\src\REPLMode.jl
DA:316,1
DA:464,4
DA:465,1
DA:637,5
DA:638,1
DA:639,1
DA:640,2
DA:643,1
LH:8
LF:8
end_of_record
SF:C:\Users\prita\.julia\packages\GDAL\cvf6T\src\gdal_utils.jl
DA:19,6
DA:31,2
DA:48,2
DA:65,4
DA:77,1
DA:114,2
DA:131,4
DA:143,1
DA:214,2
DA:231,2
DA:243,1
DA:284,2
DA:301,4
DA:313,1
DA:354,2
DA:371,4
DA:383,1
DA:422,2
DA:439,2
DA:451,1
DA:488,2
DA:505,2
DA:517,1
DA:556,2
DA:573,4
DA:585,1
DA:626,2
LH:27
LF:27
end_of_record
SF:D:\buildbot\worker\package_win64\build\usr\share\julia\stdlib\v1.3\Random\src\DSFMT.jl
DA:31,104
DA:33,104
DA:37,104
DA:38,104
LH:4
LF:4
end_of_record
SF:D:\Libraries\Documents\Julia\ArchGDAL.jl\test\test_fielddefn.jl
DA:7,2
DA:8,1
DA:9,1
DA:10,1
DA:11,1
DA:12,1
DA:13,1
DA:14,1
DA:15,1
DA:16,1
DA:17,1
DA:18,1
DA:19,1
DA:20,1
DA:21,1
DA:22,1
DA:23,1
DA:24,1
DA:25,1
DA:26,1
DA:27,1
DA:28,1
DA:29,1
DA:30,1
DA:32,1
DA:33,1
DA:34,1
DA:35,1
DA:36,1
DA:37,1
DA:38,1
DA:39,1
DA:40,1
DA:41,1
DA:42,1
DA:44,1
DA:45,1
DA:46,1
DA:47,1
DA:48,1
DA:50,1
DA:51,1
DA:52,1
DA:53,1
DA:59,2
DA:60,1
DA:61,1
DA:63,1
DA:64,1
DA:65,1
DA:67,1
DA:68,1
DA:69,2
DA:71,1
DA:72,1
DA:73,1
DA:83,1
DA:84,1
DA:85,1
DA:86,1
DA:87,1
DA:89,1
DA:90,1
DA:91,1
DA:92,1
DA:93,1
DA:99,2
DA:100,1
DA:101,1
DA:102,1
DA:103,1
DA:104,1
DA:105,1
DA:106,1
DA:107,1
DA:108,1
DA:109,2
DA:110,1
DA:111,1
DA:112,1
DA:113,1
DA:114,1
DA:115,1
DA:116,1
DA:117,2
DA:118,1
DA:119,1
DA:120,1
DA:121,1
DA:122,1
DA:125,1
DA:126,1
DA:127,1
DA:128,1
DA:129,1
DA:131,1
DA:132,1
DA:133,1
DA:134,1
DA:135,1
DA:137,1
DA:138,1
DA:139,1
DA:140,1
DA:141,1
DA:143,1
DA:144,1
DA:145,1
DA:146,1
DA:147,1
DA:149,1
DA:150,1
DA:151,1
DA:152,1
DA:153,1
DA:155,1
DA:156,1
DA:157,1
DA:158,1
DA:159,1
DA:160,1
DA:161,1
DA:162,1
DA:163,1
DA:164,1
DA:165,1
DA:166,1
DA:167,1
DA:168,1
DA:169,1
DA:170,1
DA:171,1
DA:172,1
DA:173,2
DA:174,1
DA:176,1
LH:136
LF:136
end_of_record
SF:meta.jl
DA:64,0
LH:0
LF:1
end_of_record
SF:D:\buildbot\worker\package_win64\build\usr\share\julia\stdlib\v1.3\Pkg\src\backwards_compatible_isolation.jl
DA:93,0
DA:220,0
DA:221,0
DA:249,2
DA:250,0
DA:256,8
DA:257,0
DA:258,0
DA:259,0
DA:261,0
DA:262,0
DA:263,0
DA:265,0
DA:266,0
DA:267,0
DA:268,0
DA:270,0
DA:271,0
DA:273,0
DA:275,0
DA:333,1
DA:442,2
DA:443,1
DA:447,1
DA:448,1
DA:450,1
DA:451,1
DA:459,1
DA:460,1
DA:463,40
DA:468,39
DA:469,18
DA:471,30
DA:473,78
DA:474,54
DA:475,54
DA:476,27
DA:477,27
DA:478,54
DA:479,44
DA:480,34
DA:484,1
DA:486,0
DA:489,0
DA:490,0
DA:491,0
DA:492,0
DA:500,1
DA:501,1
DA:504,1
DA:505,1
DA:507,1
DA:508,1
DA:509,1
DA:510,1
DA:512,5
DA:516,1
DA:517,2
DA:518,1
DA:520,1
DA:532,1
DA:535,1
DA:536,1
DA:537,1
DA:538,1
DA:539,2
DA:540,1
DA:541,5
DA:546,1
DA:549,1
DA:550,1
DA:551,0
DA:552,0
DA:554,1
DA:560,1
DA:561,1
DA:563,1
DA:564,1
DA:566,1
DA:567,1
DA:577,2
DA:578,1
DA:579,0
DA:580,0
DA:582,1
DA:588,2
DA:600,2
DA:601,1
DA:602,1
DA:603,0
DA:605,1
DA:608,1
DA:609,2
DA:610,1
DA:613,1
LH:67
LF:95
end_of_record
SF:sort.jl
DA:552,13
DA:638,12
DA:642,13
DA:643,13
DA:691,1
DA:703,13
DA:751,14
LH:7
LF:7
end_of_record
SF:D:\buildbot\worker\package_win64\build\usr\share\julia\stdlib\v1.3\Pkg\src\Operations.jl
DA:51,0
DA:68,1
DA:78,2
DA:79,1
DA:81,1
DA:82,201
DA:83,201
DA:84,202
DA:86,1
DA:569,0
DA:589,804
DA:590,402
DA:591,402
DA:592,12
DA:593,23
DA:594,0
DA:596,402
DA:599,201
DA:604,0
DA:605,0
DA:606,0
DA:696,1
DA:700,2
DA:701,2
DA:805,0
DA:1048,0
DA:1049,0
DA:1050,0
DA:1051,0
DA:1052,0
DA:1053,0
DA:1054,0
DA:1057,0
DA:1059,0
DA:1060,0
DA:1062,0
DA:1063,0
DA:1064,0
DA:1066,0
DA:1067,0
DA:1071,0
DA:1073,0
DA:1078,0
DA:1079,0
DA:1080,0
DA:1081,0
DA:1086,0
DA:1089,0
DA:1090,0
DA:1091,0
DA:1094,0
DA:1095,0
DA:1097,0
DA:1098,0
DA:1099,0
DA:1100,0
DA:1101,0
DA:1102,0
DA:1103,0
DA:1104,0
DA:1105,0
DA:1300,2
DA:1301,2
DA:1302,2
DA:1303,1
DA:1304,1
DA:1305,1
DA:1308,3
DA:1309,2
DA:1314,3
DA:1317,1
DA:1318,1
DA:1319,0
DA:1320,0
DA:1322,3
DA:1327,1
DA:1328,1
DA:1329,1
DA:1330,1
DA:1331,1
DA:1332,1
DA:1333,2
DA:1335,1
DA:1336,0
DA:1342,1
DA:1343,2
DA:1344,2
DA:1345,1
DA:1347,1
DA:1350,0
DA:1351,0
DA:1352,0
DA:1353,0
DA:1355,1
DA:1369,1
DA:1370,1
LH:46
LF:96
end_of_record
SF:C:\Users\prita\.julia\packages\GDAL\cvf6T\src\ogr_core.jl
DA:322,2
LH:1
LF:1
end_of_record
SF:C:\Users\prita\.julia\packages\GDAL\cvf6T\src\cpl_progress.jl
DA:13,6
LH:1
LF:1
end_of_record
SF:views.jl
DA:124,11
LH:1
LF:1
end_of_record
SF:threadingconstructs.jl
DA:10,208
LH:1
LF:1
end_of_record
SF:strings/string.jl
DA:17,33
DA:39,2
DA:52,0
DA:53,0
DA:56,853
DA:57,853
DA:60,15
DA:71,0
DA:81,178
DA:82,48
DA:84,72
DA:85,659
DA:89,33
DA:90,33
DA:95,1
DA:115,0
DA:120,0
DA:121,0
DA:122,0
DA:123,0
DA:124,0
DA:125,0
DA:126,0
DA:127,0
DA:128,0
DA:129,0
DA:130,0
DA:131,0
DA:132,0
DA:133,0
DA:136,16
DA:141,9
DA:142,9
DA:143,9
DA:144,9
DA:145,0
DA:146,0
DA:147,0
DA:150,0
DA:151,0
DA:152,0
DA:153,0
DA:155,0
DA:156,0
DA:157,0
DA:159,0
DA:160,0
DA:179,66
DA:180,22
DA:181,22
DA:182,44
DA:183,0
DA:209,2
DA:210,2
DA:211,4
DA:212,0
DA:244,6
DA:245,2
DA:246,15
DA:247,15
DA:248,15
DA:249,15
DA:251,15
DA:252,15
DA:253,15
DA:254,15
DA:255,15
LH:35
LF:67
end_of_record
SF:C:\Users\prita\.julia\packages\DataStreams\mEqAy\src\namedtuples.jl
DA:11,0
DA:53,2
DA:55,2
DA:58,6
DA:64,0
DA:68,1
DA:69,1
DA:70,2
DA:71,5
DA:73,1
DA:107,2
DA:134,1
DA:135,3
DA:137,1
DA:138,2
DA:140,1
DA:154,24
LH:15
LF:17
end_of_record
SF:C:\Users\prita\.julia\packages\ArchGDAL\JvbDf\src\raster\colortable.jl
DA:5,2
DA:10,4
DA:11,4
DA:15,2
DA:23,3
DA:26,7
DA:29,13
DA:46,8
DA:47,8
DA:48,4
DA:49,4
DA:66,1
DA:67,1
DA:92,2
LH:14
LF:14
end_of_record
SF:task.jl
DA:120,1895
DA:191,1895
DA:193,1895
DA:194,0
DA:196,1895
DA:333,18
LH:5
LF:6
end_of_record
SF:C:\Users\prita\.julia\packages\ArchGDAL\JvbDf\src\datastreams.jl
DA:2,1
DA:9,2
DA:10,1
DA:11,1
DA:12,1
DA:16,1
DA:20,1
DA:27,3
DA:28,1
DA:29,2
DA:40,24
DA:41,0
DA:42,4
DA:44,12
DA:46,12
DA:47,4
DA:48,4
DA:49,4
DA:50,1
DA:51,1
DA:54,12
LH:20
LF:21
end_of_record
SF:floatfuncs.jl
DA:15,105
DA:16,6
DA:286,27
DA:289,16
DA:290,7
LH:5
LF:5
end_of_record
SF:io.jl
DA:296,13
DA:310,0
DA:381,1
DA:593,37
DA:656,37
DA:657,37
DA:697,15
DA:698,15
DA:699,15
DA:700,15
DA:702,0
DA:703,0
DA:704,0
DA:705,0
DA:706,0
DA:709,15
DA:916,0
DA:1024,0
LH:10
LF:18
end_of_record
SF:deepcopy.jl
DA:30,9
DA:77,8
DA:78,0
DA:80,8
LH:3
LF:4
end_of_record
SF:D:\Libraries\Documents\Julia\ArchGDAL.jl\test\test_display.jl
DA:6,2
DA:15,1
DA:16,1
DA:22,1
DA:27,1
DA:30,1
DA:31,2
DA:37,1
DA:39,1
DA:45,2
DA:57,1
LH:11
LF:11
end_of_record
SF:strings/basic.jl
DA:185,24
DA:187,30
DA:193,39
DA:230,12
DA:294,4
DA:456,0
DA:674,1
DA:690,125
DA:713,125
LH:8
LF:9
end_of_record
SF:gcutils.jl
DA:22,438
DA:32,0
DA:90,151
DA:91,151
DA:92,151
LH:4
LF:5
end_of_record
SF:D:\Libraries\Documents\Julia\ArchGDAL.jl\test\test_styletable.jl
DA:7,2
DA:8,1
DA:9,1
DA:10,1
DA:11,2
DA:12,1
DA:14,1
DA:15,1
DA:16,1
DA:17,1
DA:18,1
DA:20,1
DA:21,2
DA:22,1
DA:23,1
DA:24,1
DA:26,1
DA:27,1
DA:28,1
DA:29,1
DA:30,1
DA:31,1
DA:32,1
DA:33,1
DA:34,1
DA:35,1
DA:36,1
DA:37,1
DA:39,1
DA:40,2
DA:41,1
DA:42,1
DA:45,1
DA:46,3
DA:47,2
DA:48,2
DA:49,2
DA:50,1
DA:51,1
DA:52,1
DA:53,1
DA:54,1
DA:55,1
DA:56,1
DA:58,1
DA:59,3
DA:60,1
DA:61,1
DA:62,1
DA:63,1
DA:64,1
DA:65,1
DA:67,1
LH:53
LF:53
end_of_record
SF:util.jl
DA:417,1
DA:477,1
DA:478,1
DA:480,0
DA:722,303
LH:4
LF:5
end_of_record
SF:D:\buildbot\worker\package_win64\build\usr\share\julia\stdlib\v1.3\Pkg\src\versions.jl
DA:11,34
DA:12,2
DA:13,2
DA:14,4
DA:18,34
DA:104,76
DA:105,38
DA:108,136
DA:109,0
DA:190,34
DA:194,68
DA:196,34
DA:321,8
DA:322,16
DA:323,4
DA:324,4
DA:325,7
DA:326,6
DA:327,4
DA:328,0
DA:331,4
DA:332,4
DA:333,4
DA:334,4
DA:335,2
DA:336,2
DA:337,2
DA:339,0
DA:340,0
DA:341,0
DA:342,0
DA:344,0
DA:348,0
DA:349,0
DA:351,0
LH:25
LF:35
end_of_record
SF:Base.jl
DA:13,0
DA:15,35
DA:20,30849
DA:21,2315
LH:3
LF:4
end_of_record
SF:D:\Libraries\Documents\Julia\ArchGDAL.jl\test\test_spatialref.jl
DA:10,2
DA:11,1
DA:12,1
DA:13,1
DA:21,2
DA:22,1
DA:23,1
DA:24,1
DA:32,2
DA:33,1
DA:34,1
DA:35,1
DA:208,2
DA:209,1
DA:210,1
DA:211,1
DA:232,2
DA:238,2
DA:239,1
DA:240,1
DA:241,1
DA:242,1
DA:243,1
DA:244,1
DA:245,1
LH:25
LF:25
end_of_record
SF:D:\buildbot\worker\package_win64\build\usr\share\julia\stdlib\v1.3\Test\src\Test.jl
DA:52,0
DA:53,0
DA:54,0
DA:56,0
DA:57,0
DA:58,0
DA:60,0
DA:82,865
DA:109,0
DA:222,843
DA:228,8
DA:234,1660
DA:236,830
DA:237,830
DA:238,830
DA:240,830
DA:242,1636
DA:243,818
DA:244,818
DA:245,818
DA:247,818
DA:248,818
DA:249,818
DA:252,12
DA:253,12
DA:254,12
DA:255,12
DA:257,20
DA:261,12
DA:262,12
DA:263,4
DA:264,8
DA:265,0
DA:266,0
DA:268,8
DA:269,20
DA:272,0
DA:275,830
DA:276,0
DA:277,0
DA:280,830
DA:294,1626
DA:297,2
DA:298,1
DA:299,1
DA:300,1
DA:301,2
DA:303,1
DA:305,0
DA:340,1628
DA:341,814
DA:342,814
DA:343,814
DA:410,1628
DA:411,814
DA:413,814
DA:414,0
DA:415,0
DA:418,3089
DA:419,882
DA:422,789
DA:424,814
DA:426,789
DA:427,789
DA:428,789
DA:434,25
DA:435,12
DA:436,12
DA:438,12
DA:439,12
DA:443,12
DA:444,32
DA:445,8
DA:450,12
DA:451,12
DA:452,0
DA:453,0
DA:454,0
DA:455,0
DA:456,0
DA:462,12
DA:463,83
DA:465,24
DA:466,0
DA:468,56
DA:472,12
DA:479,13
DA:481,814
DA:489,814
DA:490,814
DA:498,843
DA:504,843
DA:505,843
DA:507,843
DA:511,843
DA:517,0
DA:519,843
DA:556,16
DA:557,8
DA:567,8
DA:568,8
DA:574,8
DA:577,8
DA:578,8
DA:579,8
DA:581,0
DA:583,0
DA:584,0
DA:586,0
DA:591,8
DA:592,8
DA:594,8
DA:599,8
DA:688,0
DA:718,0
DA:729,0
DA:730,0
DA:745,104
DA:750,208
DA:755,872
DA:760,0
DA:761,0
DA:763,0
DA:764,0
DA:767,0
DA:768,0
DA:770,0
DA:773,0
DA:774,0
DA:780,206
DA:797,3
DA:798,1
DA:799,1
DA:800,1
DA:801,1
DA:802,1
DA:803,1
DA:804,1
DA:805,1
DA:806,1
DA:807,1
DA:810,1
DA:811,1
DA:812,1
DA:813,1
DA:814,1
DA:817,1
DA:819,1
DA:820,1
DA:821,1
DA:822,1
DA:824,1
DA:825,0
DA:827,1
DA:828,0
DA:830,1
DA:831,0
DA:833,1
DA:834,1
DA:836,1
DA:838,1
DA:849,208
DA:851,103
DA:852,103
DA:853,103
DA:855,1
DA:856,1
DA:857,1
DA:858,1
DA:859,1
DA:860,1
DA:862,1
DA:863,1
DA:867,1
DA:869,0
DA:870,0
DA:874,1
DA:884,2
DA:886,1
DA:889,0
DA:890,0
DA:891,0
DA:898,0
DA:899,0
DA:900,0
DA:901,0
DA:902,0
DA:903,0
DA:906,0
DA:912,624
DA:914,594
DA:915,309
DA:916,309
DA:917,309
DA:918,309
DA:919,309
DA:920,309
DA:921,309
DA:922,309
DA:923,339
DA:926,312
DA:927,312
DA:936,2
DA:937,1
DA:940,1
DA:942,1
DA:943,1
DA:944,1
DA:945,0
DA:947,0
DA:950,1
DA:951,1
DA:952,0
DA:953,1
DA:955,0
DA:958,1
DA:959,1
DA:960,0
DA:961,1
DA:963,0
DA:966,1
DA:967,1
DA:968,0
DA:969,1
DA:971,0
DA:974,1
DA:975,0
DA:977,1
DA:979,1
DA:982,1
DA:983,0
DA:984,0
DA:985,1
DA:995,183
DA:996,0
DA:1058,312
DA:1060,104
DA:1063,208
DA:1064,0
DA:1067,104
DA:1068,0
DA:1070,104
DA:1078,208
DA:1079,104
DA:1084,104
DA:1085,104
DA:1092,104
DA:1093,50
DA:1094,25
DA:1098,25
DA:1102,25
DA:1103,25
DA:1104,25
DA:1106,25
DA:1107,45
DA:1109,0
DA:1112,25
DA:1114,25
DA:1116,25
DA:1117,25
DA:1120,104
DA:1121,104
DA:1123,104
DA:1216,208
DA:1217,104
DA:1218,104
DA:1219,104
DA:1225,104
DA:1232,208
DA:1236,104
DA:1249,3501
DA:1250,1167
DA:1259,311
DA:1260,104
DA:1261,104
DA:1271,312
DA:1272,208
DA:1273,104
DA:1274,104
DA:1283,934
DA:1284,312
LH:211
LF:281
end_of_record
SF:C:\Users\prita\.julia\packages\DataStreams\mEqAy\src\query.jl
DA:26,6
DA:49,3
DA:52,3
DA:53,3
DA:54,3
DA:55,3
DA:56,3
DA:57,3
DA:60,3
DA:61,3
DA:62,12
DA:64,3
DA:68,15
DA:70,3
DA:71,3
DA:72,3
DA:81,6
DA:82,3
DA:92,64
DA:93,78
DA:98,160
DA:100,0
DA:106,2
DA:110,2
DA:111,1
DA:112,1
DA:113,1
DA:114,1
DA:115,1
DA:116,1
DA:118,1
DA:119,1
DA:121,3
DA:130,3
DA:131,0
DA:132,0
DA:135,3
DA:137,3
DA:138,3
DA:139,0
DA:145,3
DA:146,3
DA:147,1
DA:150,1
DA:151,1
DA:152,4
DA:154,1
DA:155,0
DA:156,0
DA:157,0
DA:161,1
DA:162,1
DA:164,1
DA:211,6
DA:217,2
DA:218,1
DA:219,1
DA:220,1
DA:221,2
DA:223,1
DA:226,10
DA:236,2
DA:237,1
DA:238,1
DA:239,1
DA:240,1
DA:241,1
DA:242,1
DA:243,1
DA:244,1
DA:245,1
DA:246,1
DA:247,1
DA:248,1
DA:249,1
DA:250,1
DA:251,1
DA:252,1
DA:253,1
DA:256,17
DA:257,1
DA:258,1
DA:264,1
DA:267,1
DA:268,6
DA:269,6
DA:270,3
DA:276,6
DA:277,0
DA:278,0
DA:280,3
DA:281,6
DA:284,0
DA:285,0
DA:286,6
DA:288,3
DA:289,3
DA:291,6
DA:292,0
DA:293,0
DA:305,0
DA:306,0
DA:309,4
DA:314,1
DA:315,0
DA:318,2
DA:319,6
DA:320,6
DA:322,3
DA:323,0
DA:325,3
DA:326,3
DA:328,0
DA:329,0
DA:330,0
DA:332,0
DA:337,6
DA:338,3
DA:339,3
DA:340,0
DA:342,3
DA:349,6
DA:350,0
DA:351,0
DA:352,0
DA:353,3
DA:354,3
DA:355,6
DA:356,6
DA:357,3
DA:359,0
DA:360,0
DA:361,0
DA:363,6
DA:364,0
DA:365,0
DA:367,3
DA:368,0
DA:370,6
DA:371,0
DA:374,6
DA:375,0
DA:376,0
DA:377,0
DA:378,0
DA:379,0
DA:380,0
DA:381,0
DA:383,0
DA:384,0
DA:385,0
DA:386,5
DA:392,1
DA:393,0
DA:394,0
DA:395,0
DA:396,0
DA:397,0
DA:398,0
DA:400,0
DA:401,0
DA:404,0
DA:406,1
DA:407,0
DA:410,1
DA:411,0
DA:412,0
DA:413,0
DA:415,0
DA:416,0
DA:418,0
DA:427,1
DA:428,1
DA:429,0
DA:430,0
DA:431,0
DA:432,0
DA:434,0
DA:435,0
DA:437,0
DA:439,1
DA:441,2
DA:442,0
DA:443,0
DA:445,0
DA:446,0
DA:447,0
DA:448,0
DA:449,0
DA:452,0
DA:458,1
DA:460,0
DA:461,0
DA:462,0
DA:463,0
DA:464,0
DA:468,1
DA:470,1
DA:473,2
DA:474,4
DA:475,4
DA:477,7
DA:481,0
DA:516,3
DA:517,1
DA:518,0
DA:520,0
DA:522,0
DA:523,0
DA:524,0
DA:525,0
DA:526,0
DA:528,0
DA:532,0
DA:534,1
DA:535,1
DA:536,1
DA:537,1
DA:538,1
DA:573,2
DA:574,2
DA:575,1
DA:576,2
DA:577,1
DA:578,1
DA:579,1
DA:580,1
DA:581,1
DA:583,0
DA:585,1
DA:586,1
DA:587,1
DA:588,2
DA:591,0
DA:618,3
DA:619,1
DA:621,2
DA:622,1
DA:623,1
DA:624,1
DA:625,1
DA:626,2
DA:627,1
DA:628,1
DA:631,1
DA:635,0
DA:637,1
DA:641,1
LH:157
LF:248
end_of_record
SF:D:\Libraries\Documents\Julia\ArchGDAL.jl\test\test_cookbook_geometry.jl
DA:13,2
DA:16,2
DA:21,2
DA:22,1
DA:27,2
DA:28,1
DA:48,2
DA:53,2
DA:54,1
DA:55,1
DA:56,1
DA:57,1
DA:62,2
DA:63,1
DA:64,1
DA:65,1
DA:66,1
DA:99,2
DA:104,7
DA:111,1
DA:121,1
DA:122,2
DA:123,1
DA:129,2
DA:130,1
DA:131,1
DA:132,1
DA:133,1
DA:134,1
DA:136,1
DA:137,2
DA:138,1
DA:188,2
DA:193,2
DA:194,1
DA:195,1
DA:196,1
DA:197,1
DA:198,1
DA:200,1
DA:201,1
DA:202,1
DA:203,1
DA:204,1
DA:205,1
DA:207,1
DA:208,1
DA:209,1
DA:214,2
DA:215,1
DA:216,1
DA:217,1
DA:218,1
DA:219,1
DA:221,1
DA:222,1
DA:223,1
DA:224,1
DA:225,1
DA:226,1
DA:228,1
DA:229,1
DA:230,1
DA:278,2
DA:283,2
DA:284,1
DA:285,1
DA:286,1
DA:287,1
DA:288,1
DA:289,1
DA:294,2
DA:295,1
DA:296,1
DA:297,1
DA:298,1
DA:299,1
DA:300,1
DA:333,2
DA:334,1
DA:339,3
DA:342,2
DA:345,1
DA:350,2
DA:351,1
DA:352,1
DA:353,1
DA:355,1
DA:356,1
DA:357,1
DA:358,1
DA:360,1
DA:408,2
DA:413,6
DA:419,1
DA:421,5
DA:427,1
DA:429,1
DA:434,2
DA:435,1
DA:436,1
DA:437,1
DA:438,1
DA:439,1
DA:440,1
DA:441,1
DA:442,1
DA:444,1
DA:445,1
DA:446,1
DA:447,1
DA:448,1
DA:449,1
DA:450,1
DA:451,1
DA:452,1
DA:454,1
DA:505,2
DA:507,3
DA:509,1
DA:514,2
DA:515,1
DA:516,1
DA:518,1
DA:519,1
DA:520,1
DA:521,1
DA:523,1
DA:546,2
DA:547,1
DA:562,2
DA:563,1
DA:580,2
DA:581,1
DA:597,2
DA:598,1
DA:612,2
DA:624,2
DA:635,2
DA:642,2
DA:652,1
DA:653,2
DA:664,2
DA:665,1
DA:672,2
DA:679,2
DA:692,6
DA:705,1
DA:706,1
DA:707,2
DA:723,1
DA:724,1
DA:725,2
DA:741,2
DA:742,1
DA:743,1
DA:744,1
DA:753,2
DA:754,1
DA:755,2
LH:160
LF:160
end_of_record
SF:logging.jl
DA:105,19
DA:305,9
DA:307,9
DA:310,9
DA:311,9
DA:315,18
DA:318,9
DA:319,0
DA:320,18
DA:322,0
DA:327,2
DA:517,0
DA:526,0
LH:9
LF:13
end_of_record
SF:D:\buildbot\worker\package_win64\build\usr\share\julia\stdlib\v1.3\Pkg\src\Pkg.jl
DA:14,0
DA:16,0
DA:17,0
DA:18,0
LH:0
LF:4
end_of_record
SF:D:\Libraries\Documents\Julia\ArchGDAL.jl\test\test_dataset.jl
DA:7,1
DA:8,2
DA:9,2
DA:10,1
DA:11,2
DA:12,1
DA:13,1
DA:14,1
DA:20,2
DA:21,1
DA:22,1
DA:23,1
DA:24,1
DA:25,1
DA:28,1
DA:29,1
DA:30,2
DA:31,1
DA:32,1
DA:43,2
DA:58,2
DA:59,1
DA:81,2
DA:82,1
DA:87,2
DA:89,1
LH:26
LF:26
end_of_record
SF:math.jl
DA:492,383
DA:493,410
DA:642,56
DA:646,2
DA:847,0
DA:848,0
DA:849,0
DA:851,0
LH:4
LF:8
end_of_record
SF:reflection.jl
DA:32,0
DA:210,2
DA:232,2
DA:312,12
DA:479,24
LH:4
LF:5
end_of_record
SF:channels.jl
DA:160,0
DA:162,0
DA:165,0
DA:166,0
DA:167,0
DA:168,0
DA:192,0
DA:307,0
DA:323,0
DA:325,0
DA:459,8
LH:1
LF:11
end_of_record
SF:C:\Users\prita\.julia\packages\ArchGDAL\JvbDf\src\raster\array.jl
DA:7,68
DA:9,1
DA:11,12
DA:12,6
DA:13,12
DA:15,12
DA:16,12
DA:17,12
DA:19,6
DA:21,6
DA:23,6
DA:27,5
DA:28,4
DA:30,6
DA:31,3
DA:33,1
DA:36,4
DA:37,4
DA:38,4
DA:44,46
DA:46,3
DA:48,20
DA:49,18
DA:50,20
DA:52,20
DA:53,20
DA:54,22
DA:55,20
DA:57,10
DA:59,10
DA:61,10
DA:65,18
DA:66,18
DA:68,10
DA:69,9
DA:71,2
DA:74,11
DA:75,11
DA:76,11
DA:77,11
DA:86,28
DA:87,7
DA:89,1
LH:43
LF:43
end_of_record
SF:C:\Users\prita\.julia\packages\ArchGDAL\JvbDf\src\base\iterators.jl
DA:2,127
DA:3,58
DA:4,58
DA:5,58
DA:6,15
DA:7,15
DA:9,43
LH:7
LF:7
end_of_record
SF:D:\Libraries\Documents\Julia\ArchGDAL.jl\test\test_feature.jl
DA:6,1
DA:7,1
DA:8,1
DA:9,2
DA:15,1
DA:16,1
DA:17,1
DA:19,1
DA:25,1
DA:26,1
DA:27,1
DA:29,1
DA:30,2
DA:32,2
DA:33,1
DA:34,1
DA:36,1
DA:37,1
DA:38,1
DA:39,1
DA:40,1
DA:41,1
DA:45,1
DA:46,2
DA:47,1
DA:48,1
DA:49,2
DA:50,1
DA:52,1
DA:54,1
DA:55,1
DA:56,1
DA:57,1
DA:59,1
DA:60,1
DA:63,1
DA:64,1
DA:65,1
DA:66,1
DA:68,1
DA:69,1
DA:70,1
DA:71,1
DA:73,1
DA:74,1
DA:75,1
DA:76,1
DA:77,1
DA:79,1
DA:80,1
DA:81,1
DA:82,1
DA:83,1
DA:84,1
DA:85,1
DA:86,1
DA:87,1
DA:93,2
DA:94,1
DA:95,1
DA:97,1
DA:98,1
DA:100,1
DA:101,1
DA:103,1
DA:104,1
DA:106,1
DA:107,1
DA:109,1
DA:110,1
DA:112,1
DA:113,1
DA:115,1
DA:116,1
DA:118,1
DA:119,2
DA:120,1
DA:121,1
DA:122,1
DA:123,1
DA:124,2
DA:125,1
DA:126,1
DA:128,1
DA:129,2
DA:130,1
DA:131,1
DA:132,1
DA:133,1
DA:134,1
DA:135,1
DA:136,1
DA:137,1
DA:139,1
DA:140,2
DA:141,1
DA:142,1
DA:143,2
DA:144,1
DA:145,1
DA:146,1
DA:147,1
DA:148,1
DA:149,1
DA:150,1
DA:151,1
DA:153,1
DA:154,1
DA:155,1
DA:156,1
DA:157,1
DA:158,1
DA:159,1
DA:161,1
DA:163,1
DA:165,1
LH:116
LF:116
end_of_record
SF:C:\Users\prita\.julia\packages\ArchGDAL\JvbDf\src\raster\rasterio.jl
DA:61,9
DA:63,3
DA:140,20
DA:142,5
DA:172,24
DA:173,12
DA:186,10
DA:224,6
DA:225,6
DA:253,6
DA:254,3
DA:255,3
DA:256,3
DA:281,40
DA:282,20
DA:307,5
DA:320,6
DA:322,3
DA:323,3
DA:397,2
DA:398,2
DA:410,11
DA:459,99
DA:460,34
DA:461,34
DA:462,34
DA:463,34
DA:470,34
DA:471,34
DA:492,50
DA:493,25
DA:494,25
DA:500,25
DA:501,25
LH:34
LF:34
end_of_record
SF:D:\buildbot\worker\package_win64\build\usr\share\julia\stdlib\v1.3\Libdl\src\Libdl.jl
DA:149,20
LH:1
LF:1
end_of_record
SF:cmd.jl
DA:16,17
DA:291,0
DA:321,14
DA:353,17
DA:363,17
DA:364,17
DA:366,17
LH:6
LF:7
end_of_record
SF:C:\Users\prita\.julia\packages\BinaryProvider\kcGxO\src\BinaryProvider.jl
DA:22,1
DA:25,1
DA:28,1
LH:3
LF:3
end_of_record
SF:stream.jl
DA:426,1
LH:1
LF:1
end_of_record
SF:D:\Libraries\Documents\Julia\ArchGDAL.jl\test\test_gdalutilities.jl
DA:5,1
DA:6,3
DA:7,2
DA:8,2
DA:9,2
DA:10,2
DA:11,2
DA:15,2
DA:16,1
DA:17,1
DA:18,1
DA:21,7
DA:24,1
DA:25,2
DA:33,2
DA:34,2
DA:43,3
DA:44,2
DA:53,5
DA:54,2
DA:77,3
DA:78,2
DA:79,1
DA:80,1
DA:81,1
DA:82,1
DA:83,1
DA:89,1
DA:90,12
DA:92,2
DA:97,6
DA:98,2
DA:103,5
DA:106,1
DA:113,1
LH:35
LF:35
end_of_record
SF:D:\Libraries\Documents\Julia\ArchGDAL.jl\test\test_rasterattrtable.jl
DA:7,2
DA:8,1
DA:9,1
DA:11,1
DA:12,1
DA:13,1
DA:14,1
DA:15,1
DA:16,1
DA:17,1
DA:19,1
DA:20,1
DA:21,1
DA:22,1
DA:23,1
DA:24,1
DA:26,1
DA:28,1
DA:30,1
DA:33,1
DA:34,1
DA:35,1
DA:37,1
DA:38,1
DA:39,1
DA:40,1
DA:42,1
DA:43,1
DA:44,1
DA:45,1
DA:47,1
DA:48,1
DA:49,1
DA:50,1
DA:52,1
DA:53,1
DA:55,1
DA:56,1
DA:57,1
DA:58,1
DA:59,1
DA:60,1
DA:61,1
DA:63,1
DA:64,2
DA:65,1
DA:66,1
DA:67,1
DA:68,1
DA:69,1
DA:70,1
DA:73,1
DA:74,1
DA:75,1
DA:76,1
DA:78,1
DA:79,1
DA:80,1
DA:81,1
DA:82,1
DA:83,1
DA:89,2
DA:90,1
DA:91,1
DA:93,1
DA:94,1
DA:95,1
DA:96,1
DA:97,1
DA:99,1
DA:100,1
DA:101,1
DA:102,1
DA:104,1
DA:105,1
DA:107,1
DA:108,2
DA:109,1
DA:110,1
DA:111,1
DA:112,1
DA:113,1
DA:115,1
DA:116,2
DA:117,1
DA:118,1
DA:119,1
DA:120,1
DA:121,1
DA:122,1
LH:90
LF:90
end_of_record
SF:C:\Users\prita\.julia\packages\BinaryProvider\kcGxO\src\Products.jl
DA:111,0
DA:112,0
DA:113,0
DA:114,0
DA:116,0
DA:234,0
DA:235,0
DA:236,0
DA:238,0
DA:239,0
DA:319,0
DA:320,0
DA:321,0
DA:323,0
DA:324,0
LH:0
LF:15
end_of_record
SF:C:\Users\prita\.julia\packages\GDAL\cvf6T\deps\deps_sqlite.jl
DA:14,1
DA:15,1
DA:16,0
DA:19,3
DA:20,0
LH:3
LF:5
end_of_record
SF:D:\buildbot\worker\package_win64\build\usr\share\julia\stdlib\v1.3\Pkg\src\Display.jl
DA:141,108
LH:1
LF:1
end_of_record
SF:abstractarraymath.jl
DA:6,0
LH:0
LF:1
end_of_record
SF:char.jl
DA:89,39
DA:90,39
DA:91,39
DA:92,39
DA:180,39
DA:208,22
DA:229,0
LH:6
LF:7
end_of_record
SF:process.jl
DA:438,1
LH:1
LF:1
end_of_record
SF:strings/unicode.jl
DA:228,39
DA:229,39
DA:243,1
DA:531,366
LH:4
LF:4
end_of_record
SF:pointer.jl
DA:26,661
DA:30,1185
DA:57,37
DA:58,68
DA:59,180
DA:60,292
DA:65,286
DA:66,1
DA:89,16
DA:105,140
DA:147,900
DA:155,2161
DA:159,661
LH:13
LF:13
end_of_record
SF:show.jl
DA:158,74
DA:174,0
DA:180,0
DA:184,0
DA:192,0
DA:193,0
DA:271,0
DA:276,0
DA:434,0
DA:575,0
DA:842,68
LH:2
LF:11
end_of_record
SF:abstractset.jl
DA:45,0
DA:147,1
DA:366,12
LH:2
LF:3
end_of_record
SF:C:\Users\prita\.julia\packages\GDAL\cvf6T\src\error.jl
DA:8,6
DA:9,6
DA:14,0
DA:15,0
DA:16,0
DA:17,0
DA:35,14
DA:36,6
DA:38,1
DA:43,4624
DA:44,0
DA:46,4624
DA:61,3996
DA:62,3996
DA:67,1226
DA:68,613
DA:69,0
DA:71,613
DA:72,613
DA:73,613
DA:84,30
DA:85,15
DA:86,15
DA:87,1
DA:90,14
DA:91,36
DA:92,22
DA:93,22
DA:94,22
DA:99,14
LH:24
LF:30
end_of_record
SF:C:\Users\prita\.julia\packages\GDAL\cvf6T\deps\deps_proj.jl
DA:36,1
DA:37,1
DA:38,0
DA:41,3
DA:42,0
DA:46,1
DA:47,0
DA:51,1
DA:52,0
DA:56,1
DA:57,0
DA:61,1
DA:62,0
DA:66,1
DA:67,0
DA:71,1
DA:72,0
DA:76,1
DA:77,0
DA:81,1
DA:82,0
DA:86,1
DA:87,0
DA:91,1
DA:92,0
DA:96,1
DA:97,0
DA:101,1
DA:102,0
DA:106,1
DA:107,0
DA:111,1
DA:112,0
DA:116,1
DA:117,0
DA:121,1
DA:122,0
DA:126,1
DA:127,0
DA:131,1
DA:132,0
DA:136,1
DA:137,0
DA:141,1
DA:142,0
DA:146,1
DA:147,0
DA:151,1
DA:152,0
LH:25
LF:49
end_of_record
SF:D:\buildbot\worker\package_win64\build\usr\share\julia\stdlib\v1.3\LibGit2\src\types.jl
DA:1271,0
LH:0
LF:1
end_of_record
SF:D:\buildbot\worker\package_win64\build\usr\share\julia\stdlib\v1.3\Random\src\Random.jl
DA:267,0
DA:288,0
DA:291,0
DA:415,0
LH:0
LF:4
end_of_record
SF:C:\Users\prita\.julia\packages\DataStreams\mEqAy\src\DataStreams.jl
DA:45,4
DA:53,8
DA:54,1
DA:55,4
DA:56,2
DA:57,2
DA:58,2
DA:62,2
DA:63,1
DA:66,2
DA:67,1
DA:68,0
DA:70,1
DA:74,1
DA:75,3
DA:152,1
DA:206,2
DA:245,1
DA:465,7
LH:18
LF:19
end_of_record
SF:number.jl
DA:6,13
DA:7,4459
DA:40,0
DA:78,343
DA:79,343
DA:157,692
DA:223,0
LH:5
LF:7
end_of_record
SF:C:\Users\prita\.julia\packages\GDAL\cvf6T\deps\deps.jl
DA:52,2
DA:53,1
DA:54,1
DA:55,1
DA:56,1
DA:57,1
LH:6
LF:6
end_of_record
SF:D:\buildbot\worker\package_win64\build\usr\share\julia\stdlib\v1.3\Dates\src\types.jl
DA:33,3
DA:70,6
DA:74,3
DA:107,3
DA:191,3
DA:192,2
DA:194,2
DA:195,3
DA:367,4
DA:399,4
LH:10
LF:10
end_of_record
SF:set.jl
DA:6,19
DA:7,1
DA:11,3
DA:35,24
DA:46,14
DA:47,42
DA:48,69
DA:62,1
LH:8
LF:8
end_of_record
SF:C:\Users\prita\.julia\packages\GDAL\cvf6T\src\common.jl
DA:694,9
DA:1229,5
DA:1236,2
LH:3
LF:3
end_of_record
SF:gmp.jl
DA:56,0
DA:57,0
DA:140,0
DA:208,0
DA:209,0
DA:211,0
DA:288,0
DA:307,0
DA:548,0
DA:616,0
LH:0
LF:10
end_of_record
SF:C:\Users\prita\.julia\packages\ArchGDAL\JvbDf\src\ogr\fielddefn.jl
DA:6,23
DA:11,12
DA:12,11
DA:13,12
DA:17,168
DA:18,84
DA:23,1
DA:28,25
DA:31,75
DA:35,2
DA:36,2
DA:48,4
DA:62,3
DA:63,3
DA:71,3
DA:80,1
DA:81,1
DA:89,3
DA:98,1
DA:99,1
DA:107,3
DA:116,1
DA:117,1
DA:139,2
DA:144,4
DA:149,2
DA:150,2
DA:163,5
DA:176,2
DA:177,2
DA:182,6
DA:183,6
DA:184,2
DA:186,4
DA:211,2
DA:222,2
DA:226,4
DA:231,3
DA:232,2
DA:233,2
DA:234,3
DA:239,34
DA:240,17
DA:245,3
DA:250,16
DA:254,18
DA:258,1
DA:259,1
DA:264,4
DA:265,2
DA:266,1
DA:270,1
DA:275,4
DA:276,2
DA:277,1
DA:281,1
DA:295,1
DA:296,1
DA:297,1
DA:298,1
DA:313,5
DA:326,2
DA:327,2
DA:331,7
DA:336,2
DA:337,2
LH:66
LF:66
end_of_record
SF:C:\Users\prita\.julia\packages\ArchGDAL\JvbDf\src\ArchGDAL.jl
DA:34,2
DA:35,1
DA:36,1
DA:37,1
DA:44,2
LH:5
LF:5
end_of_record
SF:C:\Users\prita\.julia\packages\GDAL\cvf6T\src\GDAL.jl
DA:42,2
DA:45,1
DA:46,1
DA:49,1
DA:50,1
DA:53,1
DA:54,1
DA:57,1
DA:58,1
LH:9
LF:9
end_of_record
SF:broadcast.jl
DA:170,16
DA:179,16
DA:196,0
DA:198,12
DA:256,16
DA:473,4
DA:474,12
DA:478,4
DA:482,4
DA:544,15
DA:552,16
DA:553,16
DA:558,16
DA:562,15
DA:563,15
DA:568,0
DA:581,343
DA:591,32
DA:596,15
DA:597,16
DA:602,452
DA:603,452
DA:626,98
DA:627,354
DA:630,226
DA:664,4
DA:819,45206
DA:822,45045
DA:839,45046
DA:844,4
DA:846,8
DA:847,4
DA:849,0
DA:853,4
DA:854,8
DA:855,4
DA:857,4
DA:863,45046
DA:871,45045
DA:884,24
DA:890,28
DA:891,28
DA:893,4
DA:894,24
DA:917,12
DA:919,12
DA:920,12
DA:922,24
DA:923,12
DA:924,11
DA:925,11
DA:926,11
DA:927,0
DA:928,0
DA:932,12
DA:933,45045
DA:934,11
DA:936,12
DA:1023,495
DA:1137,11
DA:1234,4
DA:1237,1
DA:1239,1
LH:58
LF:63
end_of_record
SF:C:\Users\prita\.julia\packages\BinaryProvider\kcGxO\src\Prefix.jl
DA:81,1
DA:82,1
DA:83,1
DA:89,0
DA:140,0
LH:3
LF:5
end_of_record
SF:D:\Libraries\Documents\Julia\ArchGDAL.jl\test\test_geos_operations.jl
DA:12,2
DA:14,4
DA:15,4
DA:16,8
DA:19,4
DA:26,1
DA:27,2
DA:28,1
DA:33,1
DA:34,2
DA:35,1
DA:40,1
DA:41,2
DA:42,1
DA:49,1
DA:50,2
DA:51,2
DA:52,1
DA:54,1
DA:61,2
DA:62,2
DA:63,1
DA:64,1
DA:66,1
DA:69,2
DA:70,2
DA:71,1
DA:73,1
DA:76,1
DA:77,2
DA:79,1
DA:80,2
DA:84,1
DA:85,2
DA:92,1
DA:93,2
DA:99,18
DA:100,18
DA:101,18
DA:103,9
DA:155,20
DA:156,10
DA:157,20
DA:210,2
DA:211,2
DA:213,1
DA:217,2
DA:218,2
DA:220,1
LH:49
LF:49
end_of_record
SF:baseext.jl
DA:16,5
LH:1
LF:1
end_of_record
SF:strings/substring.jl
DA:54,0
LH:0
LF:1
end_of_record
SF:D:\buildbot\worker\package_win64\build\usr\share\julia\stdlib\v1.3\Pkg\src\Types.jl
DA:111,1
DA:113,2
DA:114,18
DA:143,34
DA:151,235
DA:162,68
DA:201,12
DA:202,12
DA:206,1
DA:373,2
DA:379,2
DA:406,1
DA:407,0
DA:409,1
DA:415,16
DA:418,8
DA:452,0
DA:454,0
DA:662,0
DA:663,0
DA:677,0
DA:678,0
DA:698,0
DA:912,7
DA:1137,0
DA:1347,58
DA:1360,1
DA:1373,1
DA:1374,1
DA:1375,1
DA:1376,1
LH:22
LF:31
end_of_record
